{"/home/travis/build/npmtest/node-npmtest-aliyun-sdk/test.js":{"path":"/home/travis/build/npmtest/node-npmtest-aliyun-sdk/test.js","s":{"1":2,"2":2,"3":2,"4":2,"5":2,"6":2,"7":2,"8":1,"9":2,"10":2,"11":1,"12":1,"13":1,"14":1,"15":2,"16":2,"17":2,"18":2,"19":1,"20":1,"21":2,"22":2,"23":2,"24":1,"25":1,"26":1,"27":1,"28":1,"29":1,"30":1,"31":1,"32":1,"33":1,"34":1,"35":1,"36":1,"37":1,"38":1,"39":2,"40":2,"41":1,"42":2,"43":2,"44":1,"45":2,"46":2,"47":1,"48":2,"49":2,"50":1,"51":1,"52":1,"53":1,"54":1},"b":{"1":[2,1,1,1],"2":[1,1,1,1],"3":[1,1],"4":[1,1],"5":[1,1],"6":[1,1],"7":[1,1],"8":[1,1],"9":[1,1],"10":[1,1,1],"11":[1,1],"12":[1,1],"13":[1,1],"14":[1,1],"15":[1,1],"16":[1,1],"17":[1,1]},"f":{"1":2,"2":2,"3":2,"4":2,"5":2,"6":1,"7":1,"8":1,"9":2,"10":2,"11":2,"12":2,"13":1},"fnMap":{"1":{"name":"(anonymous_1)","line":12,"loc":{"start":{"line":12,"column":1},"end":{"line":12,"column":13}}},"2":{"name":"(anonymous_2)","line":19,"loc":{"start":{"line":19,"column":5},"end":{"line":19,"column":17}}},"3":{"name":"(anonymous_3)","line":23,"loc":{"start":{"line":23,"column":24},"end":{"line":23,"column":36}}},"4":{"name":"(anonymous_4)","line":61,"loc":{"start":{"line":61,"column":5},"end":{"line":61,"column":17}}},"5":{"name":"(anonymous_5)","line":82,"loc":{"start":{"line":82,"column":5},"end":{"line":82,"column":17}}},"6":{"name":"(anonymous_6)","line":91,"loc":{"start":{"line":91,"column":77},"end":{"line":94,"column":10}}},"7":{"name":"(anonymous_7)","line":112,"loc":{"start":{"line":112,"column":83},"end":{"line":115,"column":10}},"skip":true},"8":{"name":"(anonymous_8)","line":123,"loc":{"start":{"line":123,"column":77},"end":{"line":126,"column":10}},"skip":true},"9":{"name":"(anonymous_9)","line":139,"loc":{"start":{"line":139,"column":12},"end":{"line":139,"column":40}},"skip":true},"10":{"name":"(anonymous_10)","line":147,"loc":{"start":{"line":147,"column":77},"end":{"line":150,"column":10}},"skip":true},"11":{"name":"(anonymous_11)","line":158,"loc":{"start":{"line":158,"column":83},"end":{"line":161,"column":10}},"skip":true},"12":{"name":"(anonymous_12)","line":169,"loc":{"start":{"line":169,"column":79},"end":{"line":172,"column":10}},"skip":true},"13":{"name":"(anonymous_13)","line":180,"loc":{"start":{"line":180,"column":75},"end":{"line":183,"column":10}},"skip":true}},"statementMap":{"1":{"start":{"line":12,"column":0},"end":{"line":195,"column":5}},"2":{"start":{"line":14,"column":4},"end":{"line":14,"column":14}},"3":{"start":{"line":19,"column":4},"end":{"line":56,"column":9}},"4":{"start":{"line":21,"column":8},"end":{"line":21,"column":19}},"5":{"start":{"line":23,"column":8},"end":{"line":35,"column":13}},"6":{"start":{"line":24,"column":12},"end":{"line":34,"column":13}},"7":{"start":{"line":25,"column":16},"end":{"line":28,"column":30}},"8":{"start":{"line":30,"column":16},"end":{"line":33,"column":27}},"9":{"start":{"line":37,"column":8},"end":{"line":39,"column":21}},"10":{"start":{"line":40,"column":8},"end":{"line":53,"column":9}},"11":{"start":{"line":43,"column":12},"end":{"line":46,"column":14}},"12":{"start":{"line":47,"column":12},"end":{"line":47,"column":18}},"13":{"start":{"line":50,"column":12},"end":{"line":51,"column":33}},"14":{"start":{"line":52,"column":12},"end":{"line":52,"column":18}},"15":{"start":{"line":55,"column":8},"end":{"line":55,"column":35}},"16":{"start":{"line":61,"column":4},"end":{"line":63,"column":9}},"17":{"start":{"line":62,"column":8},"end":{"line":62,"column":15}},"18":{"start":{"line":64,"column":4},"end":{"line":77,"column":5}},"19":{"start":{"line":70,"column":8},"end":{"line":70,"column":14}},"20":{"start":{"line":76,"column":8},"end":{"line":76,"column":14}},"21":{"start":{"line":82,"column":4},"end":{"line":84,"column":9}},"22":{"start":{"line":83,"column":8},"end":{"line":83,"column":15}},"23":{"start":{"line":85,"column":4},"end":{"line":194,"column":5}},"24":{"start":{"line":91,"column":8},"end":{"line":99,"column":10}},"25":{"start":{"line":98,"column":12},"end":{"line":98,"column":35}},"26":{"start":{"line":102,"column":8},"end":{"line":104,"column":63}},"27":{"start":{"line":105,"column":8},"end":{"line":105,"column":14}},"28":{"start":{"line":112,"column":8},"end":{"line":121,"column":10},"skip":true},"29":{"start":{"line":119,"column":12},"end":{"line":119,"column":55},"skip":true},"30":{"start":{"line":120,"column":12},"end":{"line":120,"column":48},"skip":true},"31":{"start":{"line":123,"column":8},"end":{"line":136,"column":10},"skip":true},"32":{"start":{"line":130,"column":12},"end":{"line":130,"column":76},"skip":true},"33":{"start":{"line":131,"column":12},"end":{"line":131,"column":73},"skip":true},"34":{"start":{"line":132,"column":12},"end":{"line":132,"column":74},"skip":true},"35":{"start":{"line":133,"column":12},"end":{"line":133,"column":79},"skip":true},"36":{"start":{"line":134,"column":12},"end":{"line":134,"column":25},"skip":true},"37":{"start":{"line":135,"column":12},"end":{"line":135,"column":45},"skip":true},"38":{"start":{"line":138,"column":8},"end":{"line":145,"column":14},"skip":true},"39":{"start":{"line":143,"column":16},"end":{"line":143,"column":29},"skip":true},"40":{"start":{"line":144,"column":16},"end":{"line":144,"column":55},"skip":true},"41":{"start":{"line":147,"column":8},"end":{"line":156,"column":10},"skip":true},"42":{"start":{"line":154,"column":12},"end":{"line":154,"column":25},"skip":true},"43":{"start":{"line":155,"column":12},"end":{"line":155,"column":45},"skip":true},"44":{"start":{"line":158,"column":8},"end":{"line":167,"column":10},"skip":true},"45":{"start":{"line":165,"column":12},"end":{"line":165,"column":25},"skip":true},"46":{"start":{"line":166,"column":12},"end":{"line":166,"column":48},"skip":true},"47":{"start":{"line":169,"column":8},"end":{"line":178,"column":10},"skip":true},"48":{"start":{"line":176,"column":12},"end":{"line":176,"column":25},"skip":true},"49":{"start":{"line":177,"column":12},"end":{"line":177,"column":46},"skip":true},"50":{"start":{"line":180,"column":8},"end":{"line":189,"column":10},"skip":true},"51":{"start":{"line":187,"column":12},"end":{"line":187,"column":94},"skip":true},"52":{"start":{"line":188,"column":12},"end":{"line":188,"column":48},"skip":true},"53":{"start":{"line":192,"column":8},"end":{"line":192,"column":35},"skip":true},"54":{"start":{"line":193,"column":8},"end":{"line":193,"column":14},"skip":true}},"branchMap":{"1":{"line":25,"type":"binary-expr","locations":[{"start":{"line":25,"column":23},"end":{"line":25,"column":62}},{"start":{"line":26,"column":20},"end":{"line":26,"column":70}},{"start":{"line":27,"column":20},"end":{"line":27,"column":71}},{"start":{"line":28,"column":20},"end":{"line":28,"column":29}}]},"2":{"line":30,"type":"binary-expr","locations":[{"start":{"line":30,"column":23},"end":{"line":30,"column":37}},{"start":{"line":31,"column":20},"end":{"line":31,"column":61}},{"start":{"line":32,"column":20},"end":{"line":32,"column":70}},{"start":{"line":33,"column":20},"end":{"line":33,"column":26}}]},"3":{"line":37,"type":"cond-expr","locations":[{"start":{"line":38,"column":14},"end":{"line":38,"column":20}},{"start":{"line":39,"column":14},"end":{"line":39,"column":20}}]},"4":{"line":40,"type":"switch","locations":[{"start":{"line":42,"column":8},"end":{"line":47,"column":18}},{"start":{"line":49,"column":8},"end":{"line":52,"column":18}}]},"5":{"line":44,"type":"binary-expr","locations":[{"start":{"line":44,"column":16},"end":{"line":44,"column":44}},{"start":{"line":44,"column":48},"end":{"line":44,"column":66}}]},"6":{"line":50,"type":"binary-expr","locations":[{"start":{"line":50,"column":21},"end":{"line":50,"column":49}},{"start":{"line":50,"column":53},"end":{"line":50,"column":72}}]},"7":{"line":64,"type":"switch","locations":[{"start":{"line":69,"column":4},"end":{"line":70,"column":14}},{"start":{"line":75,"column":4},"end":{"line":76,"column":14}}]},"8":{"line":85,"type":"switch","locations":[{"start":{"line":90,"column":4},"end":{"line":105,"column":14}},{"start":{"line":111,"column":4},"end":{"line":193,"column":14},"skip":true}]},"9":{"line":91,"type":"binary-expr","locations":[{"start":{"line":91,"column":42},"end":{"line":91,"column":73}},{"start":{"line":91,"column":77},"end":{"line":99,"column":9}}]},"10":{"line":102,"type":"binary-expr","locations":[{"start":{"line":102,"column":18},"end":{"line":102,"column":32}},{"start":{"line":103,"column":12},"end":{"line":103,"column":53}},{"start":{"line":104,"column":12},"end":{"line":104,"column":61}}]},"11":{"line":112,"type":"binary-expr","locations":[{"start":{"line":112,"column":45},"end":{"line":112,"column":79},"skip":true},{"start":{"line":112,"column":83},"end":{"line":121,"column":9},"skip":true}]},"12":{"line":123,"type":"binary-expr","locations":[{"start":{"line":123,"column":42},"end":{"line":123,"column":73},"skip":true},{"start":{"line":123,"column":77},"end":{"line":136,"column":9},"skip":true}]},"13":{"line":138,"type":"binary-expr","locations":[{"start":{"line":138,"column":48},"end":{"line":138,"column":85},"skip":true},{"start":{"line":139,"column":12},"end":{"line":145,"column":13},"skip":true}]},"14":{"line":147,"type":"binary-expr","locations":[{"start":{"line":147,"column":42},"end":{"line":147,"column":73},"skip":true},{"start":{"line":147,"column":77},"end":{"line":156,"column":9},"skip":true}]},"15":{"line":158,"type":"binary-expr","locations":[{"start":{"line":158,"column":45},"end":{"line":158,"column":79},"skip":true},{"start":{"line":158,"column":83},"end":{"line":167,"column":9},"skip":true}]},"16":{"line":169,"type":"binary-expr","locations":[{"start":{"line":169,"column":43},"end":{"line":169,"column":75},"skip":true},{"start":{"line":169,"column":79},"end":{"line":178,"column":9},"skip":true}]},"17":{"line":180,"type":"binary-expr","locations":[{"start":{"line":180,"column":41},"end":{"line":180,"column":71},"skip":true},{"start":{"line":180,"column":75},"end":{"line":189,"column":9},"skip":true}]}},"code":["/* istanbul instrument in package npmtest_aliyun_sdk */","/*jslint","    bitwise: true,","    browser: true,","    maxerr: 8,","    maxlen: 96,","    node: true,","    nomen: true,","    regexp: true,","    stupid: true","*/","(function () {","    'use strict';","    var local;","","","","    // run shared js-env code - pre-init","    (function () {","        // init local","        local = {};","        // init modeJs","        local.modeJs = (function () {","            try {","                return typeof navigator.userAgent === 'string' &&","                    typeof document.querySelector('body') === 'object' &&","                    typeof XMLHttpRequest.prototype.open === 'function' &&","                    'browser';","            } catch (errorCaughtBrowser) {","                return module.exports &&","                    typeof process.versions.node === 'string' &&","                    typeof require('http').createServer === 'function' &&","                    'node';","            }","        }());","        // init global","        local.global = local.modeJs === 'browser'","            ? window","            : global;","        switch (local.modeJs) {","        // re-init local from window.local","        case 'browser':","            local = local.global.utility2.objectSetDefault(","                local.global.utility2_rollup || local.global.local,","                local.global.utility2","            );","            break;","        // re-init local from example.js","        case 'node':","            local = (local.global.utility2_rollup || require('utility2'))","                .requireReadme();","            break;","        }","        // export local","        local.global.local = local;","    }());","","","","    // run shared js-env code - function","    (function () {","        return;","    }());","    switch (local.modeJs) {","","","","    // run browser js-env code - function","    case 'browser':","        break;","","","","    // run node js-env code - function","    case 'node':","        break;","    }","","","","    // run shared js-env code - post-init","    (function () {","        return;","    }());","    switch (local.modeJs) {","","","","    // run browser js-env code - post-init","    case 'browser':","        local.testCase_browser_nullCase = local.testCase_browser_nullCase || function (","            options,","            onError","        ) {","        /*","         * this function will test browsers's null-case handling-behavior-behavior","         */","            onError(null, options);","        };","","        // run tests","        local.nop(local.modeTest &&","            document.querySelector('#testRunButton1') &&","            document.querySelector('#testRunButton1').click());","        break;","","","","    // run node js-env code - post-init","    /* istanbul ignore next */","    case 'node':","        local.testCase_buildApidoc_default = local.testCase_buildApidoc_default || function (","            options,","            onError","        ) {","        /*","         * this function will test buildApidoc's default handling-behavior-behavior","         */","            options = { modulePathList: module.paths };","            local.buildApidoc(options, onError);","        };","","        local.testCase_buildApp_default = local.testCase_buildApp_default || function (","            options,","            onError","        ) {","        /*","         * this function will test buildApp's default handling-behavior-behavior","         */","            local.testCase_buildReadme_default(options, local.onErrorThrow);","            local.testCase_buildLib_default(options, local.onErrorThrow);","            local.testCase_buildTest_default(options, local.onErrorThrow);","            local.testCase_buildCustomOrg_default(options, local.onErrorThrow);","            options = [];","            local.buildApp(options, onError);","        };","","        local.testCase_buildCustomOrg_default = local.testCase_buildCustomOrg_default ||","            function (options, onError) {","            /*","             * this function will test buildCustomOrg's default handling-behavior","             */","                options = {};","                local.buildCustomOrg(options, onError);","            };","","        local.testCase_buildLib_default = local.testCase_buildLib_default || function (","            options,","            onError","        ) {","        /*","         * this function will test buildLib's default handling-behavior","         */","            options = {};","            local.buildLib(options, onError);","        };","","        local.testCase_buildReadme_default = local.testCase_buildReadme_default || function (","            options,","            onError","        ) {","        /*","         * this function will test buildReadme's default handling-behavior-behavior","         */","            options = {};","            local.buildReadme(options, onError);","        };","","        local.testCase_buildTest_default = local.testCase_buildTest_default || function (","            options,","            onError","        ) {","        /*","         * this function will test buildTest's default handling-behavior","         */","            options = {};","            local.buildTest(options, onError);","        };","","        local.testCase_webpage_default = local.testCase_webpage_default || function (","            options,","            onError","        ) {","        /*","         * this function will test webpage's default handling-behavior","         */","            options = { modeCoverageMerge: true, url: local.serverLocalHost + '?modeTest=1' };","            local.browserTest(options, onError);","        };","","        // run test-server","        local.testRunServer(local);","        break;","    }","}());",""],"l":{"12":2,"14":2,"19":2,"21":2,"23":2,"24":2,"25":2,"30":1,"37":2,"40":2,"43":1,"47":1,"50":1,"52":1,"55":2,"61":2,"62":2,"64":2,"70":1,"76":1,"82":2,"83":2,"85":2,"91":1,"98":1,"102":1,"105":1,"112":1,"119":1,"120":1,"123":1,"130":1,"131":1,"132":1,"133":1,"134":1,"135":1,"138":1,"143":2,"144":2,"147":1,"154":2,"155":2,"158":1,"165":2,"166":2,"169":1,"176":2,"177":2,"180":1,"187":1,"188":1,"192":1,"193":1}},"/home/travis/build/npmtest/node-npmtest-aliyun-sdk/lib.npmtest_aliyun_sdk.js":{"path":"/home/travis/build/npmtest/node-npmtest-aliyun-sdk/lib.npmtest_aliyun_sdk.js","s":{"1":2,"2":2,"3":2,"4":2,"5":2,"6":2,"7":2,"8":1,"9":2,"10":2,"11":2,"12":2,"13":1,"14":1,"15":1,"16":1},"b":{"1":[2,1,1,1],"2":[1,1,1,1],"3":[1,1],"4":[2,2],"5":[1,1]},"f":{"1":2,"2":2,"3":2},"fnMap":{"1":{"name":"(anonymous_1)","line":12,"loc":{"start":{"line":12,"column":1},"end":{"line":12,"column":13}}},"2":{"name":"(anonymous_2)","line":19,"loc":{"start":{"line":19,"column":5},"end":{"line":19,"column":17}}},"3":{"name":"(anonymous_3)","line":23,"loc":{"start":{"line":23,"column":24},"end":{"line":23,"column":36}}}},"statementMap":{"1":{"start":{"line":12,"column":0},"end":{"line":53,"column":5}},"2":{"start":{"line":14,"column":4},"end":{"line":14,"column":14}},"3":{"start":{"line":19,"column":4},"end":{"line":52,"column":9}},"4":{"start":{"line":21,"column":8},"end":{"line":21,"column":19}},"5":{"start":{"line":23,"column":8},"end":{"line":35,"column":13}},"6":{"start":{"line":24,"column":12},"end":{"line":34,"column":13}},"7":{"start":{"line":25,"column":16},"end":{"line":28,"column":30}},"8":{"start":{"line":30,"column":16},"end":{"line":33,"column":27}},"9":{"start":{"line":37,"column":8},"end":{"line":39,"column":21}},"10":{"start":{"line":41,"column":8},"end":{"line":41,"column":54}},"11":{"start":{"line":43,"column":8},"end":{"line":43,"column":55}},"12":{"start":{"line":45,"column":8},"end":{"line":51,"column":9}},"13":{"start":{"line":46,"column":12},"end":{"line":46,"column":61}},"14":{"start":{"line":48,"column":12},"end":{"line":48,"column":35}},"15":{"start":{"line":49,"column":12},"end":{"line":49,"column":49}},"16":{"start":{"line":50,"column":12},"end":{"line":50,"column":43}}},"branchMap":{"1":{"line":25,"type":"binary-expr","locations":[{"start":{"line":25,"column":23},"end":{"line":25,"column":62}},{"start":{"line":26,"column":20},"end":{"line":26,"column":70}},{"start":{"line":27,"column":20},"end":{"line":27,"column":71}},{"start":{"line":28,"column":20},"end":{"line":28,"column":29}}]},"2":{"line":30,"type":"binary-expr","locations":[{"start":{"line":30,"column":23},"end":{"line":30,"column":37}},{"start":{"line":31,"column":20},"end":{"line":31,"column":61}},{"start":{"line":32,"column":20},"end":{"line":32,"column":70}},{"start":{"line":33,"column":20},"end":{"line":33,"column":26}}]},"3":{"line":37,"type":"cond-expr","locations":[{"start":{"line":38,"column":14},"end":{"line":38,"column":20}},{"start":{"line":39,"column":14},"end":{"line":39,"column":20}}]},"4":{"line":41,"type":"binary-expr","locations":[{"start":{"line":41,"column":16},"end":{"line":41,"column":44}},{"start":{"line":41,"column":48},"end":{"line":41,"column":53}}]},"5":{"line":45,"type":"if","locations":[{"start":{"line":45,"column":8},"end":{"line":45,"column":8}},{"start":{"line":45,"column":8},"end":{"line":45,"column":8}}]}},"code":["/* istanbul instrument in package npmtest_aliyun_sdk */","/*jslint","    bitwise: true,","    browser: true,","    maxerr: 8,","    maxlen: 96,","    node: true,","    nomen: true,","    regexp: true,","    stupid: true","*/","(function () {","    'use strict';","    var local;","","","","    // run shared js-env code - pre-init","    (function () {","        // init local","        local = {};","        // init modeJs","        local.modeJs = (function () {","            try {","                return typeof navigator.userAgent === 'string' &&","                    typeof document.querySelector('body') === 'object' &&","                    typeof XMLHttpRequest.prototype.open === 'function' &&","                    'browser';","            } catch (errorCaughtBrowser) {","                return module.exports &&","                    typeof process.versions.node === 'string' &&","                    typeof require('http').createServer === 'function' &&","                    'node';","            }","        }());","        // init global","        local.global = local.modeJs === 'browser'","            ? window","            : global;","        // init utility2_rollup","        local = local.global.utility2_rollup || local;","        // init lib","        local.local = local.npmtest_aliyun_sdk = local;","        // init exports","        if (local.modeJs === 'browser') {","            local.global.utility2_npmtest_aliyun_sdk = local;","        } else {","            module.exports = local;","            module.exports.__dirname = __dirname;","            module.exports.module = module;","        }","    }());","}());",""],"l":{"12":2,"14":2,"19":2,"21":2,"23":2,"24":2,"25":2,"30":1,"37":2,"41":2,"43":2,"45":2,"46":1,"48":1,"49":1,"50":1}},"/home/travis/build/npmtest/node-npmtest-aliyun-sdk/example.js":{"path":"/home/travis/build/npmtest/node-npmtest-aliyun-sdk/example.js","s":{"1":2,"2":2,"3":2,"4":2,"5":2,"6":2,"7":2,"8":1,"9":2,"10":2,"11":2,"12":2,"13":1,"14":2,"15":2,"16":2,"17":2,"18":2,"19":0,"20":2,"21":1,"22":1,"23":1,"24":1,"25":1,"26":0,"27":0,"28":1,"29":1,"30":2,"31":0,"32":0,"33":0,"34":1,"35":2,"36":2,"37":3,"38":3,"39":3,"40":3,"41":0,"42":3,"43":3,"44":3,"45":1,"46":3,"47":1,"48":1,"49":1,"50":1,"51":1,"52":1,"53":1,"54":1,"55":1,"56":1,"57":0,"58":1,"59":6,"60":6,"61":1,"62":2,"63":0,"64":2,"65":1,"66":1,"67":0,"68":0,"69":0,"70":0,"71":0,"72":0,"73":0,"74":0,"75":0,"76":0,"77":0,"78":0,"79":0,"80":0,"81":0,"82":0,"83":0},"b":{"1":[2,1,1,1],"2":[1,1,1,1],"3":[1,1],"4":[2,2],"5":[1,1],"6":[1,1],"7":[2,0],"8":[2,1,1,1,1,1],"9":[0,2,0],"10":[1,1],"11":[2,1,1],"12":[1,0],"13":[0,2],"14":[2,0,0,0,0,0,0],"15":[0,3],"16":[3,0],"17":[1,1],"18":[0,1],"19":[1,2,0,2],"20":[1,0],"21":[1,1],"22":[0,0],"23":[0,0],"24":[0,0],"25":[0,0],"26":[0,0],"27":[0,0],"28":[0,0]},"f":{"1":2,"2":2,"3":2,"4":2,"5":2,"6":2,"7":3,"8":3,"9":3,"10":1,"11":6,"12":0},"fnMap":{"1":{"name":"(anonymous_1)","line":26,"loc":{"start":{"line":26,"column":1},"end":{"line":26,"column":13}}},"2":{"name":"(anonymous_2)","line":33,"loc":{"start":{"line":33,"column":5},"end":{"line":33,"column":17}}},"3":{"name":"(anonymous_3)","line":37,"loc":{"start":{"line":37,"column":24},"end":{"line":37,"column":36}}},"4":{"name":"(anonymous_4)","line":69,"loc":{"start":{"line":69,"column":31},"end":{"line":69,"column":48}},"skip":true},"5":{"name":"(anonymous_5)","line":78,"loc":{"start":{"line":78,"column":26},"end":{"line":78,"column":45}},"skip":true},"6":{"name":"(anonymous_6)","line":123,"loc":{"start":{"line":123,"column":33},"end":{"line":123,"column":48}},"skip":true},"7":{"name":"(anonymous_7)","line":125,"loc":{"start":{"line":125,"column":27},"end":{"line":125,"column":39}},"skip":true},"8":{"name":"(anonymous_8)","line":133,"loc":{"start":{"line":133,"column":59},"end":{"line":133,"column":74}},"skip":true},"9":{"name":"(anonymous_9)","line":143,"loc":{"start":{"line":143,"column":45},"end":{"line":143,"column":62}},"skip":true},"10":{"name":"(anonymous_10)","line":144,"loc":{"start":{"line":144,"column":73},"end":{"line":144,"column":92}},"skip":true},"11":{"name":"(anonymous_11)","line":272,"loc":{"start":{"line":272,"column":51},"end":{"line":272,"column":77}},"skip":true},"12":{"name":"(anonymous_12)","line":315,"loc":{"start":{"line":315,"column":32},"end":{"line":315,"column":61}},"skip":true}},"statementMap":{"1":{"start":{"line":26,"column":0},"end":{"line":326,"column":5}},"2":{"start":{"line":28,"column":4},"end":{"line":28,"column":14}},"3":{"start":{"line":33,"column":4},"end":{"line":60,"column":9}},"4":{"start":{"line":35,"column":8},"end":{"line":35,"column":19}},"5":{"start":{"line":37,"column":8},"end":{"line":49,"column":13}},"6":{"start":{"line":38,"column":12},"end":{"line":48,"column":13}},"7":{"start":{"line":39,"column":16},"end":{"line":42,"column":30}},"8":{"start":{"line":44,"column":16},"end":{"line":47,"column":27}},"9":{"start":{"line":51,"column":8},"end":{"line":53,"column":21}},"10":{"start":{"line":55,"column":8},"end":{"line":57,"column":45}},"11":{"start":{"line":59,"column":8},"end":{"line":59,"column":35}},"12":{"start":{"line":61,"column":4},"end":{"line":325,"column":5}},"13":{"start":{"line":69,"column":8},"end":{"line":121,"column":10},"skip":true},"14":{"start":{"line":70,"column":12},"end":{"line":88,"column":13},"skip":true},"15":{"start":{"line":76,"column":16},"end":{"line":87,"column":19},"skip":true},"16":{"start":{"line":79,"column":20},"end":{"line":86,"column":21},"skip":true},"17":{"start":{"line":82,"column":24},"end":{"line":82,"column":43},"skip":true},"18":{"start":{"line":83,"column":24},"end":{"line":83,"column":30},"skip":true},"19":{"start":{"line":85,"column":24},"end":{"line":85,"column":49},"skip":true},"20":{"start":{"line":89,"column":12},"end":{"line":107,"column":13},"skip":true},"21":{"start":{"line":92,"column":16},"end":{"line":102,"column":17},"skip":true},"22":{"start":{"line":93,"column":20},"end":{"line":93,"column":86},"skip":true},"23":{"start":{"line":94,"column":20},"end":{"line":95,"column":45},"skip":true},"24":{"start":{"line":96,"column":20},"end":{"line":96,"column":42},"skip":true},"25":{"start":{"line":97,"column":20},"end":{"line":97,"column":48},"skip":true},"26":{"start":{"line":100,"column":20},"end":{"line":100,"column":85},"skip":true},"27":{"start":{"line":101,"column":20},"end":{"line":101,"column":96},"skip":true},"28":{"start":{"line":103,"column":16},"end":{"line":103,"column":22},"skip":true},"29":{"start":{"line":106,"column":16},"end":{"line":106,"column":22},"skip":true},"30":{"start":{"line":108,"column":12},"end":{"line":120,"column":13},"skip":true},"31":{"start":{"line":114,"column":16},"end":{"line":119,"column":17},"skip":true},"32":{"start":{"line":116,"column":20},"end":{"line":116,"column":78},"skip":true},"33":{"start":{"line":118,"column":20},"end":{"line":118,"column":47},"skip":true},"34":{"start":{"line":123,"column":8},"end":{"line":141,"column":11},"skip":true},"35":{"start":{"line":124,"column":12},"end":{"line":124,"column":54},"skip":true},"36":{"start":{"line":125,"column":12},"end":{"line":140,"column":14},"skip":true},"37":{"start":{"line":126,"column":16},"end":{"line":126,"column":28},"skip":true},"38":{"start":{"line":127,"column":16},"end":{"line":127,"column":69},"skip":true},"39":{"start":{"line":128,"column":16},"end":{"line":128,"column":75},"skip":true},"40":{"start":{"line":129,"column":16},"end":{"line":131,"column":17},"skip":true},"41":{"start":{"line":130,"column":20},"end":{"line":130,"column":27},"skip":true},"42":{"start":{"line":133,"column":16},"end":{"line":137,"column":36},"skip":true},"43":{"start":{"line":134,"column":20},"end":{"line":136,"column":55},"skip":true},"44":{"start":{"line":139,"column":16},"end":{"line":139,"column":57},"skip":true},"45":{"start":{"line":143,"column":8},"end":{"line":147,"column":11},"skip":true},"46":{"start":{"line":144,"column":12},"end":{"line":146,"column":15},"skip":true},"47":{"start":{"line":145,"column":16},"end":{"line":145,"column":70},"skip":true},"48":{"start":{"line":149,"column":8},"end":{"line":149,"column":31},"skip":true},"49":{"start":{"line":150,"column":8},"end":{"line":150,"column":14},"skip":true},"50":{"start":{"line":158,"column":8},"end":{"line":158,"column":31},"skip":true},"51":{"start":{"line":160,"column":8},"end":{"line":160,"column":33},"skip":true},"52":{"start":{"line":161,"column":8},"end":{"line":161,"column":37},"skip":true},"53":{"start":{"line":162,"column":8},"end":{"line":162,"column":35},"skip":true},"54":{"start":{"line":164,"column":8},"end":{"line":164,"column":50},"skip":true},"55":{"start":{"line":166,"column":8},"end":{"line":256,"column":2},"skip":true},"56":{"start":{"line":258,"column":8},"end":{"line":286,"column":9},"skip":true},"57":{"start":{"line":259,"column":12},"end":{"line":269,"column":14},"skip":true},"58":{"start":{"line":271,"column":12},"end":{"line":285,"column":19},"skip":true},"59":{"start":{"line":274,"column":20},"end":{"line":274,"column":35},"skip":true},"60":{"start":{"line":275,"column":20},"end":{"line":284,"column":21},"skip":true},"61":{"start":{"line":277,"column":24},"end":{"line":277,"column":64},"skip":true},"62":{"start":{"line":279,"column":24},"end":{"line":279,"column":40},"skip":true},"63":{"start":{"line":281,"column":24},"end":{"line":281,"column":40},"skip":true},"64":{"start":{"line":283,"column":24},"end":{"line":283,"column":39},"skip":true},"65":{"start":{"line":288,"column":8},"end":{"line":290,"column":9},"skip":true},"66":{"start":{"line":289,"column":12},"end":{"line":289,"column":18},"skip":true},"67":{"start":{"line":291,"column":8},"end":{"line":293,"column":54},"skip":true},"68":{"start":{"line":296,"column":8},"end":{"line":301,"column":37},"skip":true},"69":{"start":{"line":303,"column":8},"end":{"line":303,"column":82},"skip":true},"70":{"start":{"line":306,"column":8},"end":{"line":308,"column":9},"skip":true},"71":{"start":{"line":307,"column":12},"end":{"line":307,"column":82},"skip":true},"72":{"start":{"line":310,"column":8},"end":{"line":312,"column":9},"skip":true},"73":{"start":{"line":311,"column":12},"end":{"line":311,"column":18},"skip":true},"74":{"start":{"line":313,"column":8},"end":{"line":313,"column":54},"skip":true},"75":{"start":{"line":314,"column":8},"end":{"line":314,"column":69},"skip":true},"76":{"start":{"line":315,"column":8},"end":{"line":323,"column":36},"skip":true},"77":{"start":{"line":316,"column":12},"end":{"line":316,"column":61},"skip":true},"78":{"start":{"line":317,"column":12},"end":{"line":320,"column":13},"skip":true},"79":{"start":{"line":318,"column":16},"end":{"line":318,"column":75},"skip":true},"80":{"start":{"line":319,"column":16},"end":{"line":319,"column":23},"skip":true},"81":{"start":{"line":321,"column":12},"end":{"line":321,"column":38},"skip":true},"82":{"start":{"line":322,"column":12},"end":{"line":322,"column":27},"skip":true},"83":{"start":{"line":324,"column":8},"end":{"line":324,"column":14},"skip":true}},"branchMap":{"1":{"line":39,"type":"binary-expr","locations":[{"start":{"line":39,"column":23},"end":{"line":39,"column":62}},{"start":{"line":40,"column":20},"end":{"line":40,"column":70}},{"start":{"line":41,"column":20},"end":{"line":41,"column":71}},{"start":{"line":42,"column":20},"end":{"line":42,"column":29}}]},"2":{"line":44,"type":"binary-expr","locations":[{"start":{"line":44,"column":23},"end":{"line":44,"column":37}},{"start":{"line":45,"column":20},"end":{"line":45,"column":61}},{"start":{"line":46,"column":20},"end":{"line":46,"column":70}},{"start":{"line":47,"column":20},"end":{"line":47,"column":26}}]},"3":{"line":51,"type":"cond-expr","locations":[{"start":{"line":52,"column":14},"end":{"line":52,"column":20}},{"start":{"line":53,"column":14},"end":{"line":53,"column":20}}]},"4":{"line":55,"type":"binary-expr","locations":[{"start":{"line":55,"column":16},"end":{"line":55,"column":44}},{"start":{"line":55,"column":49},"end":{"line":57,"column":43}}]},"5":{"line":55,"type":"cond-expr","locations":[{"start":{"line":56,"column":14},"end":{"line":56,"column":54}},{"start":{"line":57,"column":14},"end":{"line":57,"column":43}}]},"6":{"line":61,"type":"switch","locations":[{"start":{"line":68,"column":4},"end":{"line":150,"column":14},"skip":true},{"start":{"line":156,"column":4},"end":{"line":324,"column":14},"skip":true}]},"7":{"line":70,"type":"if","locations":[{"start":{"line":70,"column":12},"end":{"line":70,"column":12},"skip":true},{"start":{"line":70,"column":12},"end":{"line":70,"column":12},"skip":true}]},"8":{"line":70,"type":"binary-expr","locations":[{"start":{"line":70,"column":16},"end":{"line":70,"column":22},"skip":true},{"start":{"line":70,"column":27},"end":{"line":70,"column":32},"skip":true},{"start":{"line":71,"column":20},"end":{"line":71,"column":39},"skip":true},{"start":{"line":72,"column":20},"end":{"line":72,"column":49},"skip":true},{"start":{"line":73,"column":20},"end":{"line":73,"column":58},"skip":true},{"start":{"line":74,"column":20},"end":{"line":74,"column":69},"skip":true}]},"9":{"line":79,"type":"switch","locations":[{"start":{"line":80,"column":20},"end":{"line":80,"column":33},"skip":true},{"start":{"line":81,"column":20},"end":{"line":83,"column":30},"skip":true},{"start":{"line":84,"column":20},"end":{"line":85,"column":49},"skip":true}]},"10":{"line":89,"type":"switch","locations":[{"start":{"line":90,"column":12},"end":{"line":103,"column":22},"skip":true},{"start":{"line":105,"column":12},"end":{"line":106,"column":22},"skip":true}]},"11":{"line":89,"type":"binary-expr","locations":[{"start":{"line":89,"column":20},"end":{"line":89,"column":25},"skip":true},{"start":{"line":89,"column":29},"end":{"line":89,"column":48},"skip":true},{"start":{"line":89,"column":52},"end":{"line":89,"column":74},"skip":true}]},"12":{"line":92,"type":"if","locations":[{"start":{"line":92,"column":16},"end":{"line":92,"column":16},"skip":true},{"start":{"line":92,"column":16},"end":{"line":92,"column":16},"skip":true}]},"13":{"line":108,"type":"if","locations":[{"start":{"line":108,"column":12},"end":{"line":108,"column":12},"skip":true},{"start":{"line":108,"column":12},"end":{"line":108,"column":12},"skip":true}]},"14":{"line":108,"type":"binary-expr","locations":[{"start":{"line":108,"column":16},"end":{"line":108,"column":61},"skip":true},{"start":{"line":108,"column":66},"end":{"line":108,"column":72},"skip":true},{"start":{"line":108,"column":77},"end":{"line":108,"column":82},"skip":true},{"start":{"line":109,"column":20},"end":{"line":109,"column":39},"skip":true},{"start":{"line":110,"column":20},"end":{"line":110,"column":49},"skip":true},{"start":{"line":111,"column":20},"end":{"line":111,"column":58},"skip":true},{"start":{"line":112,"column":20},"end":{"line":112,"column":68},"skip":true}]},"15":{"line":129,"type":"if","locations":[{"start":{"line":129,"column":16},"end":{"line":129,"column":16},"skip":true},{"start":{"line":129,"column":16},"end":{"line":129,"column":16},"skip":true}]},"16":{"line":134,"type":"cond-expr","locations":[{"start":{"line":135,"column":26},"end":{"line":135,"column":29},"skip":true},{"start":{"line":136,"column":26},"end":{"line":136,"column":54},"skip":true}]},"17":{"line":164,"type":"binary-expr","locations":[{"start":{"line":164,"column":27},"end":{"line":164,"column":43},"skip":true},{"start":{"line":164,"column":47},"end":{"line":164,"column":49},"skip":true}]},"18":{"line":258,"type":"if","locations":[{"start":{"line":258,"column":8},"end":{"line":258,"column":8},"skip":true},{"start":{"line":258,"column":8},"end":{"line":258,"column":8},"skip":true}]},"19":{"line":275,"type":"switch","locations":[{"start":{"line":276,"column":20},"end":{"line":277,"column":64},"skip":true},{"start":{"line":278,"column":20},"end":{"line":279,"column":40},"skip":true},{"start":{"line":280,"column":20},"end":{"line":281,"column":40},"skip":true},{"start":{"line":282,"column":20},"end":{"line":283,"column":39},"skip":true}]},"20":{"line":288,"type":"if","locations":[{"start":{"line":288,"column":8},"end":{"line":288,"column":8},"skip":true},{"start":{"line":288,"column":8},"end":{"line":288,"column":8},"skip":true}]},"21":{"line":288,"type":"binary-expr","locations":[{"start":{"line":288,"column":12},"end":{"line":288,"column":40},"skip":true},{"start":{"line":288,"column":44},"end":{"line":288,"column":67},"skip":true}]},"22":{"line":292,"type":"binary-expr","locations":[{"start":{"line":292,"column":12},"end":{"line":292,"column":50},"skip":true},{"start":{"line":293,"column":12},"end":{"line":293,"column":53},"skip":true}]},"23":{"line":297,"type":"binary-expr","locations":[{"start":{"line":297,"column":12},"end":{"line":297,"column":68},"skip":true},{"start":{"line":298,"column":12},"end":{"line":301,"column":36},"skip":true}]},"24":{"line":303,"type":"binary-expr","locations":[{"start":{"line":303,"column":43},"end":{"line":303,"column":75},"skip":true},{"start":{"line":303,"column":79},"end":{"line":303,"column":81},"skip":true}]},"25":{"line":306,"type":"if","locations":[{"start":{"line":306,"column":8},"end":{"line":306,"column":8},"skip":true},{"start":{"line":306,"column":8},"end":{"line":306,"column":8},"skip":true}]},"26":{"line":310,"type":"if","locations":[{"start":{"line":310,"column":8},"end":{"line":310,"column":8},"skip":true},{"start":{"line":310,"column":8},"end":{"line":310,"column":8},"skip":true}]},"27":{"line":313,"type":"binary-expr","locations":[{"start":{"line":313,"column":27},"end":{"line":313,"column":43},"skip":true},{"start":{"line":313,"column":47},"end":{"line":313,"column":53},"skip":true}]},"28":{"line":317,"type":"if","locations":[{"start":{"line":317,"column":12},"end":{"line":317,"column":12},"skip":true},{"start":{"line":317,"column":12},"end":{"line":317,"column":12},"skip":true}]}},"code":["/*","example.js","","quickstart example","","instruction","    1. save this script as example.js","    2. run the shell command:","        $ npm install npmtest-aliyun-sdk && PORT=8081 node example.js","    3. play with the browser-demo on http://127.0.0.1:8081","*/","","","","/* istanbul instrument in package npmtest_aliyun_sdk */","/*jslint","    bitwise: true,","    browser: true,","    maxerr: 8,","    maxlen: 96,","    node: true,","    nomen: true,","    regexp: true,","    stupid: true","*/","(function () {","    'use strict';","    var local;","","","","    // run shared js-env code - pre-init","    (function () {","        // init local","        local = {};","        // init modeJs","        local.modeJs = (function () {","            try {","                return typeof navigator.userAgent === 'string' &&","                    typeof document.querySelector('body') === 'object' &&","                    typeof XMLHttpRequest.prototype.open === 'function' &&","                    'browser';","            } catch (errorCaughtBrowser) {","                return module.exports &&","                    typeof process.versions.node === 'string' &&","                    typeof require('http').createServer === 'function' &&","                    'node';","            }","        }());","        // init global","        local.global = local.modeJs === 'browser'","            ? window","            : global;","        // init utility2_rollup","        local = local.global.utility2_rollup || (local.modeJs === 'browser'","            ? local.global.utility2_npmtest_aliyun_sdk","            : global.utility2_moduleExports);","        // export local","        local.global.local = local;","    }());","    switch (local.modeJs) {","","","","    // post-init","    // run browser js-env code - post-init","    /* istanbul ignore next */","    case 'browser':","        local.testRunBrowser = function (event) {","            if (!event || (event &&","                    event.currentTarget &&","                    event.currentTarget.className &&","                    event.currentTarget.className.includes &&","                    event.currentTarget.className.includes('onreset'))) {","                // reset output","                Array.from(","                    document.querySelectorAll('body > .resettable')","                ).forEach(function (element) {","                    switch (element.tagName) {","                    case 'INPUT':","                    case 'TEXTAREA':","                        element.value = '';","                        break;","                    default:","                        element.textContent = '';","                    }","                });","            }","            switch (event && event.currentTarget && event.currentTarget.id) {","            case 'testRunButton1':","                // show tests","                if (document.querySelector('#testReportDiv1').style.display === 'none') {","                    document.querySelector('#testReportDiv1').style.display = 'block';","                    document.querySelector('#testRunButton1').textContent =","                        'hide internal test';","                    local.modeTest = true;","                    local.testRunDefault(local);","                // hide tests","                } else {","                    document.querySelector('#testReportDiv1').style.display = 'none';","                    document.querySelector('#testRunButton1').textContent = 'run internal test';","                }","                break;","            // custom-case","            default:","                break;","            }","            if (document.querySelector('#inputTextareaEval1') && (!event || (event &&","                    event.currentTarget &&","                    event.currentTarget.className &&","                    event.currentTarget.className.includes &&","                    event.currentTarget.className.includes('oneval')))) {","                // try to eval input-code","                try {","                    /*jslint evil: true*/","                    eval(document.querySelector('#inputTextareaEval1').value);","                } catch (errorCaught) {","                    console.error(errorCaught);","                }","            }","        };","        // log stderr and stdout to #outputTextareaStdout1","        ['error', 'log'].forEach(function (key) {","            console[key + '_original'] = console[key];","            console[key] = function () {","                var element;","                console[key + '_original'].apply(console, arguments);","                element = document.querySelector('#outputTextareaStdout1');","                if (!element) {","                    return;","                }","                // append text to #outputTextareaStdout1","                element.value += Array.from(arguments).map(function (arg) {","                    return typeof arg === 'string'","                        ? arg","                        : JSON.stringify(arg, null, 4);","                }).join(' ') + '\\n';","                // scroll textarea to bottom","                element.scrollTop = element.scrollHeight;","            };","        });","        // init event-handling","        ['change', 'click', 'keyup'].forEach(function (event) {","            Array.from(document.querySelectorAll('.on' + event)).forEach(function (element) {","                element.addEventListener(event, local.testRunBrowser);","            });","        });","        // run tests","        local.testRunBrowser();","        break;","","","","    // run node js-env code - post-init","    /* istanbul ignore next */","    case 'node':","        // export local","        module.exports = local;","        // require modules","        local.fs = require('fs');","        local.http = require('http');","        local.url = require('url');","        // init assets","        local.assetsDict = local.assetsDict || {};","        /* jslint-ignore-begin */","        local.assetsDict['/assets.index.template.html'] = '\\","<!doctype html>\\n\\","<html lang=\"en\">\\n\\","<head>\\n\\","<meta charset=\"UTF-8\">\\n\\","<meta name=\"viewport\" content=\"width=device-width, initial-scale=1\">\\n\\","<title>{{env.npm_package_name}} (v{{env.npm_package_version}})</title>\\n\\","<style>\\n\\","/*csslint\\n\\","    box-sizing: false,\\n\\","    universal-selector: false\\n\\","*/\\n\\","* {\\n\\","    box-sizing: border-box;\\n\\","}\\n\\","body {\\n\\","    background: #dde;\\n\\","    font-family: Arial, Helvetica, sans-serif;\\n\\","    margin: 2rem;\\n\\","}\\n\\","body > * {\\n\\","    margin-bottom: 1rem;\\n\\","}\\n\\",".utility2FooterDiv {\\n\\","    margin-top: 20px;\\n\\","    text-align: center;\\n\\","}\\n\\","</style>\\n\\","<style>\\n\\","/*csslint\\n\\","*/\\n\\","textarea {\\n\\","    font-family: monospace;\\n\\","    height: 10rem;\\n\\","    width: 100%;\\n\\","}\\n\\","textarea[readonly] {\\n\\","    background: #ddd;\\n\\","}\\n\\","</style>\\n\\","</head>\\n\\","<body>\\n\\","<!-- utility2-comment\\n\\","<div id=\"ajaxProgressDiv1\" style=\"background: #d00; height: 2px; left: 0; margin: 0; padding: 0; position: fixed; top: 0; transition: background 0.5s, width 1.5s; width: 25%;\"></div>\\n\\","utility2-comment -->\\n\\","<h1>\\n\\","<!-- utility2-comment\\n\\","    <a\\n\\","        {{#if env.npm_package_homepage}}\\n\\","        href=\"{{env.npm_package_homepage}}\"\\n\\","        {{/if env.npm_package_homepage}}\\n\\","        target=\"_blank\"\\n\\","    >\\n\\","utility2-comment -->\\n\\","        {{env.npm_package_name}} (v{{env.npm_package_version}})\\n\\","<!-- utility2-comment\\n\\","    </a>\\n\\","utility2-comment -->\\n\\","</h1>\\n\\","<h3>{{env.npm_package_description}}</h3>\\n\\","<!-- utility2-comment\\n\\","<h4><a download href=\"assets.app.js\">download standalone app</a></h4>\\n\\","<button class=\"onclick onreset\" id=\"testRunButton1\">run internal test</button><br>\\n\\","<div id=\"testReportDiv1\" style=\"display: none;\"></div>\\n\\","utility2-comment -->\\n\\","\\n\\","\\n\\","\\n\\","<label>stderr and stdout</label>\\n\\","<textarea class=\"resettable\" id=\"outputTextareaStdout1\" readonly></textarea>\\n\\","<!-- utility2-comment\\n\\","{{#if isRollup}}\\n\\","<script src=\"assets.app.js\"></script>\\n\\","{{#unless isRollup}}\\n\\","utility2-comment -->\\n\\","<script src=\"assets.utility2.rollup.js\"></script>\\n\\","<script src=\"jsonp.utility2._stateInit?callback=window.utility2._stateInit\"></script>\\n\\","<script src=\"assets.npmtest_aliyun_sdk.rollup.js\"></script>\\n\\","<script src=\"assets.example.js\"></script>\\n\\","<script src=\"assets.test.js\"></script>\\n\\","<!-- utility2-comment\\n\\","{{/if isRollup}}\\n\\","utility2-comment -->\\n\\","<div class=\"utility2FooterDiv\">\\n\\","    [ this app was created with\\n\\","    <a href=\"https://github.com/kaizhu256/node-utility2\" target=\"_blank\">utility2</a>\\n\\","    ]\\n\\","</div>\\n\\","</body>\\n\\","</html>\\n\\","';","        /* jslint-ignore-end */","        if (local.templateRender) {","            local.assetsDict['/'] = local.templateRender(","                local.assetsDict['/assets.index.template.html'],","                {","                    env: local.objectSetDefault(local.env, {","                        npm_package_description: 'the greatest app in the world!',","                        npm_package_name: 'my-app',","                        npm_package_nameAlias: 'my_app',","                        npm_package_version: '0.0.1'","                    })","                }","            );","        } else {","            local.assetsDict['/'] = local.assetsDict['/assets.index.template.html']","                .replace((/\\{\\{env\\.(\\w+?)\\}\\}/g), function (match0, match1) {","                    // jslint-hack","                    String(match0);","                    switch (match1) {","                    case 'npm_package_description':","                        return 'the greatest app in the world!';","                    case 'npm_package_name':","                        return 'my-app';","                    case 'npm_package_nameAlias':","                        return 'my_app';","                    case 'npm_package_version':","                        return '0.0.1';","                    }","                });","        }","        // run the cli","        if (local.global.utility2_rollup || module !== require.main) {","            break;","        }","        local.assetsDict['/assets.example.js'] =","            local.assetsDict['/assets.example.js'] ||","            local.fs.readFileSync(__filename, 'utf8');","        // bug-workaround - long $npm_package_buildCustomOrg","        /* jslint-ignore-begin */","        local.assetsDict['/assets.npmtest_aliyun_sdk.rollup.js'] =","            local.assetsDict['/assets.npmtest_aliyun_sdk.rollup.js'] ||","            local.fs.readFileSync(","                local.npmtest_aliyun_sdk.__dirname + '/lib.npmtest_aliyun_sdk.js',","                'utf8'","            ).replace((/^#!/), '//');","        /* jslint-ignore-end */","        local.assetsDict['/favicon.ico'] = local.assetsDict['/favicon.ico'] || '';","        // if $npm_config_timeout_exit exists,","        // then exit this process after $npm_config_timeout_exit ms","        if (Number(process.env.npm_config_timeout_exit)) {","            setTimeout(process.exit, Number(process.env.npm_config_timeout_exit));","        }","        // start server","        if (local.global.utility2_serverHttp1) {","            break;","        }","        process.env.PORT = process.env.PORT || '8081';","        console.error('server starting on port ' + process.env.PORT);","        local.http.createServer(function (request, response) {","            request.urlParsed = local.url.parse(request.url);","            if (local.assetsDict[request.urlParsed.pathname] !== undefined) {","                response.end(local.assetsDict[request.urlParsed.pathname]);","                return;","            }","            response.statusCode = 404;","            response.end();","        }).listen(process.env.PORT);","        break;","    }","}());",""],"l":{"26":2,"28":2,"33":2,"35":2,"37":2,"38":2,"39":2,"44":1,"51":2,"55":2,"59":2,"61":2,"69":1,"70":2,"76":2,"79":2,"82":2,"83":2,"85":1,"89":2,"92":1,"93":1,"94":1,"96":1,"97":1,"100":1,"101":1,"103":1,"106":1,"108":2,"114":1,"116":1,"118":1,"123":1,"124":2,"125":2,"126":3,"127":3,"128":3,"129":3,"130":1,"133":3,"134":3,"139":3,"143":1,"144":3,"145":1,"149":1,"150":1,"158":1,"160":1,"161":1,"162":1,"164":1,"166":1,"258":1,"259":1,"271":1,"274":6,"275":6,"277":1,"279":2,"281":1,"283":2,"288":1,"289":1,"291":1,"296":1,"303":1,"306":1,"307":1,"310":1,"311":1,"313":1,"314":1,"315":1,"316":1,"317":1,"318":1,"319":1,"321":1,"322":1,"324":1}},"/home/travis/build/npmtest/node-npmtest-aliyun-sdk/node_modules/aliyun-sdk/index.js":{"path":"/home/travis/build/npmtest/node-npmtest-aliyun-sdk/node_modules/aliyun-sdk/index.js","s":{"1":1,"2":1,"3":1},"b":{},"f":{},"fnMap":{},"statementMap":{"1":{"start":{"line":1,"column":0},"end":{"line":1,"column":31}},"2":{"start":{"line":3,"column":0},"end":{"line":3,"column":42}},"3":{"start":{"line":5,"column":0},"end":{"line":5,"column":21}}},"branchMap":{},"code":["var ALY = require('./lib/aly');","","ALY.MEMCACHED = require('node_memcached');","","module.exports = ALY;",""],"l":{"1":1,"3":1,"5":1}},"/home/travis/build/npmtest/node-npmtest-aliyun-sdk/node_modules/aliyun-sdk/lib/aly.js":{"path":"/home/travis/build/npmtest/node-npmtest-aliyun-sdk/node_modules/aliyun-sdk/lib/aly.js","s":{"1":1,"2":1,"3":1,"4":1},"b":{},"f":{},"fnMap":{},"statementMap":{"1":{"start":{"line":1,"column":0},"end":{"line":1,"column":28}},"2":{"start":{"line":2,"column":0},"end":{"line":2,"column":21}},"3":{"start":{"line":5,"column":0},"end":{"line":5,"column":23}},"4":{"start":{"line":8,"column":0},"end":{"line":8,"column":22}}},"branchMap":{},"code":["var ALY = require('./core');","module.exports = ALY;","","// Load Node HTTP client","require('./http/node');","","// Load all service classes","require('./services');",""],"l":{"1":1,"2":1,"5":1,"8":1}},"/home/travis/build/npmtest/node-npmtest-aliyun-sdk/node_modules/aliyun-sdk/lib/core.js":{"path":"/home/travis/build/npmtest/node-npmtest-aliyun-sdk/node_modules/aliyun-sdk/lib/core.js","s":{"1":1,"2":1,"3":1,"4":1,"5":1,"6":1,"7":1,"8":1,"9":1,"10":1,"11":1,"12":1,"13":1},"b":{},"f":{},"fnMap":{},"statementMap":{"1":{"start":{"line":7,"column":0},"end":{"line":7,"column":13}},"2":{"start":{"line":8,"column":0},"end":{"line":8,"column":21}},"3":{"start":{"line":9,"column":0},"end":{"line":9,"column":18}},"4":{"start":{"line":11,"column":0},"end":{"line":21,"column":3}},"5":{"start":{"line":23,"column":0},"end":{"line":23,"column":21}},"6":{"start":{"line":25,"column":0},"end":{"line":25,"column":20}},"7":{"start":{"line":26,"column":0},"end":{"line":26,"column":18}},"8":{"start":{"line":27,"column":0},"end":{"line":27,"column":33}},"9":{"start":{"line":28,"column":0},"end":{"line":28,"column":29}},"10":{"start":{"line":29,"column":0},"end":{"line":29,"column":21}},"11":{"start":{"line":30,"column":0},"end":{"line":30,"column":36}},"12":{"start":{"line":31,"column":0},"end":{"line":31,"column":29}},"13":{"start":{"line":33,"column":0},"end":{"line":33,"column":42}}},"branchMap":{},"code":["/**"," * The main ALY namespace"," *"," * @!macro [new] nobrowser"," *   @note This feature is not supported in the browser environment of the SDK."," */","var ALY = {};","module.exports = ALY;","require('./util');","","ALY.util.update(ALY, {","","  VERSION: '1.0.0',","","  ServiceInterface: {},","","  Signers: {},","","  XML: {}","","});","","require('./service');","","require('./config');","require('./http');","require('./sequential_executor');","require('./event_listeners');","require('./request');","require('./signers/request_signer');","require('./param_validator');","","ALY.events = new ALY.SequentialExecutor();",""],"l":{"7":1,"8":1,"9":1,"11":1,"23":1,"25":1,"26":1,"27":1,"28":1,"29":1,"30":1,"31":1,"33":1}},"/home/travis/build/npmtest/node-npmtest-aliyun-sdk/node_modules/aliyun-sdk/lib/util.js":{"path":"/home/travis/build/npmtest/node-npmtest-aliyun-sdk/node_modules/aliyun-sdk/lib/util.js","s":{"1":1,"2":1,"3":1,"4":1,"5":1,"6":0,"7":0,"8":0,"9":0,"10":0,"11":0,"12":1,"13":1,"14":1,"15":1,"16":0,"17":0,"18":0,"19":0,"20":0,"21":0,"22":0,"23":0,"24":0,"25":0,"26":0,"27":0,"28":0,"29":0,"30":0,"31":0,"32":0,"33":0,"34":0,"35":0,"36":0,"37":0,"38":0,"39":0,"40":0,"41":0,"42":0,"43":0,"44":0,"45":0,"46":0,"47":0,"48":0,"49":0,"50":0,"51":0,"52":0,"53":0,"54":0,"55":0,"56":0,"57":0,"58":0,"59":0,"60":0,"61":0,"62":0,"63":0,"64":0,"65":0,"66":0,"67":0,"68":0,"69":0,"70":0,"71":0,"72":0,"73":0,"74":0,"75":0,"76":0,"77":0,"78":0,"79":0,"80":0,"81":0,"82":0,"83":0,"84":0,"85":0,"86":0,"87":0,"88":0,"89":0,"90":0,"91":0,"92":0,"93":0,"94":0,"95":0,"96":0,"97":0,"98":0,"99":0,"100":0,"101":0,"102":0,"103":0,"104":0,"105":0,"106":0,"107":0,"108":0,"109":0,"110":0,"111":0,"112":0,"113":0,"114":0,"115":0,"116":0,"117":0,"118":0,"119":0,"120":0,"121":0,"122":0,"123":0,"124":0,"125":0,"126":0,"127":0,"128":0,"129":0,"130":0,"131":0,"132":0,"133":0,"134":1,"135":0,"136":0,"137":0,"138":0,"139":0,"140":0,"141":0,"142":0,"143":0,"144":0,"145":0,"146":0,"147":0,"148":0,"149":0,"150":0,"151":0,"152":0,"153":0,"154":0,"155":0,"156":0,"157":0,"158":0,"159":0,"160":0,"161":0,"162":0,"163":0,"164":0,"165":0,"166":0,"167":0,"168":0,"169":0,"170":0,"171":0,"172":0,"173":0,"174":0,"175":0,"176":0,"177":0,"178":0,"179":0,"180":0,"181":0,"182":0,"183":0,"184":0,"185":0,"186":0,"187":0,"188":0,"189":0,"190":0,"191":0,"192":0,"193":0,"194":0,"195":0,"196":0,"197":0,"198":0,"199":0,"200":0,"201":0,"202":0,"203":53,"204":244,"205":244,"206":244,"207":0,"208":0,"209":0,"210":0,"211":0,"212":0,"213":53,"214":244,"215":53,"216":0,"217":0,"218":0,"219":0,"220":0,"221":0,"222":0,"223":0,"224":0,"225":0,"226":0,"227":0,"228":0,"229":0,"230":0,"231":0,"232":0,"233":0,"234":0,"235":0,"236":0,"237":0,"238":0,"239":0,"240":0,"241":0,"242":0,"243":0,"244":0,"245":0,"246":0,"247":0,"248":0,"249":0,"250":0,"251":0,"252":0,"253":0,"254":0,"255":0,"256":0,"257":0,"258":0,"259":51,"260":51,"261":17,"262":17,"263":17,"264":34,"265":34,"266":34,"267":51,"268":38,"269":0,"270":0,"271":51,"272":51,"273":51,"274":51,"275":1,"276":1,"277":1,"278":15,"279":15,"280":14,"281":1,"282":0,"283":0,"284":0,"285":0,"286":1},"b":{"1":[0,0],"2":[0,0],"3":[0,0],"4":[1,0],"5":[0,0],"6":[0,0,0],"7":[0,0],"8":[0,0],"9":[0,0],"10":[0,0],"11":[0,0],"12":[0,0],"13":[0,0],"14":[0,0],"15":[0,0],"16":[0,0],"17":[0,0],"18":[0,0],"19":[0,0],"20":[0,0],"21":[0,0],"22":[0,0],"23":[0,0],"24":[0,0],"25":[0,0],"26":[0,0],"27":[0,0],"28":[0,0],"29":[0,0],"30":[0,0],"31":[0,0],"32":[0,0],"33":[0,0],"34":[0,0,0,0,0,0,0],"35":[0,0],"36":[0,0],"37":[0,0],"38":[0,0],"39":[0,0],"40":[0,0],"41":[0,0],"42":[0,0],"43":[0,0],"44":[0,0],"45":[0,0],"46":[0,0],"47":[0,0],"48":[0,0],"49":[0,0],"50":[0,0],"51":[0,0],"52":[0,0],"53":[0,0],"54":[244,0],"55":[0,244],"56":[0,0],"57":[0,0],"58":[0,0],"59":[0,0],"60":[0,0],"61":[0,0],"62":[0,0],"63":[0,0],"64":[0,0],"65":[0,0],"66":[0,0],"67":[0,0,0],"68":[0,0],"69":[0,0],"70":[0,0],"71":[0,0],"72":[0,0],"73":[0,0],"74":[0,0],"75":[0,0],"76":[0,0],"77":[0,0,0],"78":[0,0],"79":[17,34],"80":[38,13],"81":[0,0],"82":[14,1],"83":[0,0]},"f":{"1":0,"2":0,"3":1,"4":1,"5":1,"6":0,"7":0,"8":0,"9":0,"10":0,"11":0,"12":0,"13":0,"14":0,"15":0,"16":0,"17":0,"18":0,"19":0,"20":0,"21":0,"22":0,"23":0,"24":0,"25":0,"26":0,"27":0,"28":0,"29":0,"30":0,"31":0,"32":0,"33":0,"34":0,"35":0,"36":0,"37":0,"38":0,"39":0,"40":0,"41":0,"42":0,"43":0,"44":0,"45":0,"46":0,"47":0,"48":53,"49":0,"50":53,"51":244,"52":0,"53":0,"54":0,"55":0,"56":0,"57":0,"58":51,"59":34,"60":0,"61":1,"62":0,"63":0},"fnMap":{"1":{"name":"engine","line":26,"loc":{"start":{"line":26,"column":10},"end":{"line":26,"column":28}}},"2":{"name":"userAgent","line":34,"loc":{"start":{"line":34,"column":13},"end":{"line":34,"column":34}}},"3":{"name":"isBrowser","line":41,"loc":{"start":{"line":41,"column":13},"end":{"line":41,"column":34}}},"4":{"name":"isNode","line":42,"loc":{"start":{"line":42,"column":10},"end":{"line":42,"column":28}}},"5":{"name":"nodeRequire","line":43,"loc":{"start":{"line":43,"column":15},"end":{"line":43,"column":44}}},"6":{"name":"(anonymous_6)","line":47,"loc":{"start":{"line":47,"column":13},"end":{"line":47,"column":35}}},"7":{"name":"(anonymous_7)","line":71,"loc":{"start":{"line":71,"column":13},"end":{"line":71,"column":35}}},"8":{"name":"(anonymous_8)","line":82,"loc":{"start":{"line":82,"column":20},"end":{"line":82,"column":42}}},"9":{"name":"uriEscape","line":92,"loc":{"start":{"line":92,"column":13},"end":{"line":92,"column":40}}},"10":{"name":"(anonymous_10)","line":98,"loc":{"start":{"line":98,"column":36},"end":{"line":98,"column":49}}},"11":{"name":"uriEscapePath","line":105,"loc":{"start":{"line":105,"column":17},"end":{"line":105,"column":48}}},"12":{"name":"(anonymous_12)","line":107,"loc":{"start":{"line":107,"column":42},"end":{"line":107,"column":58}}},"13":{"name":"urlParse","line":113,"loc":{"start":{"line":113,"column":12},"end":{"line":113,"column":35}}},"14":{"name":"urlFormat","line":117,"loc":{"start":{"line":117,"column":13},"end":{"line":117,"column":37}}},"15":{"name":"generateUUID","line":121,"loc":{"start":{"line":121,"column":8},"end":{"line":121,"column":31}}},"16":{"name":"(anonymous_16)","line":126,"loc":{"start":{"line":126,"column":71},"end":{"line":126,"column":83}}},"17":{"name":"queryParamsToString","line":134,"loc":{"start":{"line":134,"column":23},"end":{"line":134,"column":60}}},"18":{"name":"(anonymous_18)","line":139,"loc":{"start":{"line":139,"column":35},"end":{"line":139,"column":50}}},"19":{"name":"(anonymous_19)","line":145,"loc":{"start":{"line":145,"column":34},"end":{"line":145,"column":49}}},"20":{"name":"readFileSync","line":156,"loc":{"start":{"line":156,"column":16},"end":{"line":156,"column":44}}},"21":{"name":"encode64","line":163,"loc":{"start":{"line":163,"column":12},"end":{"line":163,"column":38}}},"22":{"name":"decode64","line":167,"loc":{"start":{"line":167,"column":12},"end":{"line":167,"column":38}}},"23":{"name":"(anonymous_23)","line":179,"loc":{"start":{"line":179,"column":12},"end":{"line":179,"column":30}}},"24":{"name":"byteLength","line":200,"loc":{"start":{"line":200,"column":16},"end":{"line":200,"column":44}}},"25":{"name":"query","line":220,"loc":{"start":{"line":220,"column":11},"end":{"line":220,"column":44}}},"26":{"name":"(anonymous_26)","line":225,"loc":{"start":{"line":225,"column":49},"end":{"line":225,"column":65}}},"27":{"name":"(anonymous_27)","line":228,"loc":{"start":{"line":228,"column":46},"end":{"line":228,"column":63}}},"28":{"name":"(anonymous_28)","line":231,"loc":{"start":{"line":231,"column":49},"end":{"line":231,"column":64}}},"29":{"name":"(anonymous_29)","line":233,"loc":{"start":{"line":233,"column":49},"end":{"line":233,"column":66}}},"30":{"name":"(anonymous_30)","line":245,"loc":{"start":{"line":245,"column":51},"end":{"line":245,"column":66}}},"31":{"name":"find","line":271,"loc":{"start":{"line":271,"column":10},"end":{"line":271,"column":42}}},"32":{"name":"getDate","line":287,"loc":{"start":{"line":287,"column":13},"end":{"line":287,"column":32}}},"33":{"name":"top","line":290,"loc":{"start":{"line":290,"column":9},"end":{"line":290,"column":33}}},"34":{"name":"pad","line":293,"loc":{"start":{"line":293,"column":6},"end":{"line":293,"column":26}}},"35":{"name":"(anonymous_35)","line":297,"loc":{"start":{"line":297,"column":41},"end":{"line":297,"column":63}}},"36":{"name":"iso8601","line":320,"loc":{"start":{"line":320,"column":13},"end":{"line":320,"column":36}}},"37":{"name":"rfc822","line":328,"loc":{"start":{"line":328,"column":12},"end":{"line":328,"column":34}}},"38":{"name":"unixSeconds","line":333,"loc":{"start":{"line":333,"column":17},"end":{"line":333,"column":44}}},"39":{"name":"unixMilliseconds","line":338,"loc":{"start":{"line":338,"column":22},"end":{"line":338,"column":54}}},"40":{"name":"format","line":347,"loc":{"start":{"line":347,"column":10},"end":{"line":347,"column":32}}},"41":{"name":"format","line":373,"loc":{"start":{"line":373,"column":12},"end":{"line":373,"column":45}}},"42":{"name":"crc32","line":435,"loc":{"start":{"line":435,"column":11},"end":{"line":435,"column":32}}},"43":{"name":"hmac","line":451,"loc":{"start":{"line":451,"column":10},"end":{"line":451,"column":49}}},"44":{"name":"md5","line":459,"loc":{"start":{"line":459,"column":9},"end":{"line":459,"column":36}}},"45":{"name":"sha256","line":466,"loc":{"start":{"line":466,"column":12},"end":{"line":466,"column":44}}},"46":{"name":"toHex","line":473,"loc":{"start":{"line":473,"column":11},"end":{"line":473,"column":32}}},"47":{"name":"createHash","line":481,"loc":{"start":{"line":481,"column":16},"end":{"line":481,"column":47}}},"48":{"name":"each","line":492,"loc":{"start":{"line":492,"column":8},"end":{"line":492,"column":44}}},"49":{"name":"arrayEach","line":501,"loc":{"start":{"line":501,"column":13},"end":{"line":501,"column":53}}},"50":{"name":"update","line":510,"loc":{"start":{"line":510,"column":10},"end":{"line":510,"column":38}}},"51":{"name":"iterator","line":511,"loc":{"start":{"line":511,"column":24},"end":{"line":511,"column":53}}},"52":{"name":"merge","line":517,"loc":{"start":{"line":517,"column":9},"end":{"line":517,"column":36}}},"53":{"name":"copy","line":521,"loc":{"start":{"line":521,"column":8},"end":{"line":521,"column":30}}},"54":{"name":"isEmpty","line":531,"loc":{"start":{"line":531,"column":11},"end":{"line":531,"column":33}}},"55":{"name":"isType","line":540,"loc":{"start":{"line":540,"column":10},"end":{"line":540,"column":37}}},"56":{"name":"typeName","line":546,"loc":{"start":{"line":546,"column":12},"end":{"line":546,"column":36}}},"57":{"name":"error","line":553,"loc":{"start":{"line":553,"column":9},"end":{"line":553,"column":38}}},"58":{"name":"inherit","line":592,"loc":{"start":{"line":592,"column":11},"end":{"line":592,"column":45}}},"59":{"name":"__ctor_wrapper__","line":601,"loc":{"start":{"line":601,"column":17},"end":{"line":601,"column":45}}},"60":{"name":"(anonymous_60)","line":608,"loc":{"start":{"line":608,"column":29},"end":{"line":608,"column":40}}},"61":{"name":"mixin","line":624,"loc":{"start":{"line":624,"column":9},"end":{"line":624,"column":26}}},"62":{"name":"hideProperties","line":641,"loc":{"start":{"line":641,"column":18},"end":{"line":641,"column":54}}},"63":{"name":"(anonymous_63)","line":644,"loc":{"start":{"line":644,"column":30},"end":{"line":644,"column":45}}}},"statementMap":{"1":{"start":{"line":3,"column":0},"end":{"line":3,"column":28}},"2":{"start":{"line":4,"column":0},"end":{"line":4,"column":34}},"3":{"start":{"line":5,"column":0},"end":{"line":5,"column":23}},"4":{"start":{"line":8,"column":0},"end":{"line":8,"column":38}},"5":{"start":{"line":25,"column":0},"end":{"line":649,"column":2}},"6":{"start":{"line":27,"column":4},"end":{"line":31,"column":5}},"7":{"start":{"line":28,"column":6},"end":{"line":28,"column":33}},"8":{"start":{"line":30,"column":6},"end":{"line":30,"column":54}},"9":{"start":{"line":35,"column":4},"end":{"line":35,"column":54}},"10":{"start":{"line":36,"column":4},"end":{"line":37,"column":69}},"11":{"start":{"line":38,"column":4},"end":{"line":38,"column":17}},"12":{"start":{"line":41,"column":36},"end":{"line":41,"column":73}},"13":{"start":{"line":42,"column":30},"end":{"line":42,"column":59}},"14":{"start":{"line":44,"column":4},"end":{"line":44,"column":50}},"15":{"start":{"line":44,"column":27},"end":{"line":44,"column":50}},"16":{"start":{"line":48,"column":4},"end":{"line":48,"column":20}},"17":{"start":{"line":49,"column":4},"end":{"line":49,"column":14}},"18":{"start":{"line":50,"column":4},"end":{"line":50,"column":41}},"19":{"start":{"line":51,"column":4},"end":{"line":51,"column":38}},"20":{"start":{"line":52,"column":4},"end":{"line":67,"column":5}},"21":{"start":{"line":53,"column":6},"end":{"line":53,"column":52}},"22":{"start":{"line":54,"column":6},"end":{"line":66,"column":7}},"23":{"start":{"line":55,"column":8},"end":{"line":55,"column":27}},"24":{"start":{"line":56,"column":8},"end":{"line":56,"column":29}},"25":{"start":{"line":58,"column":8},"end":{"line":64,"column":9}},"26":{"start":{"line":59,"column":10},"end":{"line":59,"column":26}},"27":{"start":{"line":61,"column":10},"end":{"line":61,"column":51}},"28":{"start":{"line":62,"column":10},"end":{"line":62,"column":45}},"29":{"start":{"line":63,"column":10},"end":{"line":63,"column":82}},"30":{"start":{"line":65,"column":8},"end":{"line":65,"column":12}},"31":{"start":{"line":68,"column":4},"end":{"line":68,"column":18}},"32":{"start":{"line":72,"column":4},"end":{"line":72,"column":41}},"33":{"start":{"line":73,"column":4},"end":{"line":78,"column":31}},"34":{"start":{"line":79,"column":4},"end":{"line":79,"column":23}},"35":{"start":{"line":84,"column":4},"end":{"line":89,"column":29}},"36":{"start":{"line":94,"column":4},"end":{"line":94,"column":44}},"37":{"start":{"line":95,"column":4},"end":{"line":95,"column":60}},"38":{"start":{"line":98,"column":4},"end":{"line":100,"column":7}},"39":{"start":{"line":99,"column":6},"end":{"line":99,"column":63}},"40":{"start":{"line":102,"column":4},"end":{"line":102,"column":18}},"41":{"start":{"line":106,"column":4},"end":{"line":106,"column":19}},"42":{"start":{"line":107,"column":4},"end":{"line":109,"column":7}},"43":{"start":{"line":108,"column":6},"end":{"line":108,"column":43}},"44":{"start":{"line":110,"column":4},"end":{"line":110,"column":27}},"45":{"start":{"line":114,"column":4},"end":{"line":114,"column":37}},"46":{"start":{"line":118,"column":4},"end":{"line":118,"column":38}},"47":{"start":{"line":122,"column":4},"end":{"line":122,"column":33}},"48":{"start":{"line":123,"column":4},"end":{"line":125,"column":5}},"49":{"start":{"line":124,"column":6},"end":{"line":124,"column":29}},"50":{"start":{"line":126,"column":4},"end":{"line":130,"column":7}},"51":{"start":{"line":127,"column":6},"end":{"line":127,"column":44}},"52":{"start":{"line":128,"column":6},"end":{"line":128,"column":27}},"53":{"start":{"line":129,"column":6},"end":{"line":129,"column":53}},"54":{"start":{"line":131,"column":4},"end":{"line":131,"column":16}},"55":{"start":{"line":135,"column":4},"end":{"line":135,"column":19}},"56":{"start":{"line":136,"column":4},"end":{"line":136,"column":36}},"57":{"start":{"line":137,"column":4},"end":{"line":137,"column":48}},"58":{"start":{"line":139,"column":4},"end":{"line":151,"column":7}},"59":{"start":{"line":140,"column":6},"end":{"line":140,"column":31}},"60":{"start":{"line":141,"column":6},"end":{"line":141,"column":31}},"61":{"start":{"line":142,"column":6},"end":{"line":142,"column":25}},"62":{"start":{"line":143,"column":6},"end":{"line":149,"column":7}},"63":{"start":{"line":144,"column":8},"end":{"line":144,"column":22}},"64":{"start":{"line":145,"column":8},"end":{"line":145,"column":79}},"65":{"start":{"line":145,"column":51},"end":{"line":145,"column":75}},"66":{"start":{"line":146,"column":8},"end":{"line":146,"column":67}},"67":{"start":{"line":147,"column":13},"end":{"line":149,"column":7}},"68":{"start":{"line":148,"column":8},"end":{"line":148,"column":45}},"69":{"start":{"line":150,"column":6},"end":{"line":150,"column":25}},"70":{"start":{"line":153,"column":4},"end":{"line":153,"column":27}},"71":{"start":{"line":157,"column":4},"end":{"line":157,"column":51}},"72":{"start":{"line":157,"column":39},"end":{"line":157,"column":51}},"73":{"start":{"line":158,"column":4},"end":{"line":158,"column":53}},"74":{"start":{"line":164,"column":6},"end":{"line":164,"column":51}},"75":{"start":{"line":168,"column":6},"end":{"line":168,"column":53}},"76":{"start":{"line":180,"column":6},"end":{"line":182,"column":27}},"77":{"start":{"line":184,"column":6},"end":{"line":186,"column":7}},"78":{"start":{"line":185,"column":8},"end":{"line":185,"column":36}},"79":{"start":{"line":188,"column":6},"end":{"line":188,"column":34}},"80":{"start":{"line":190,"column":6},"end":{"line":193,"column":7}},"81":{"start":{"line":191,"column":8},"end":{"line":191,"column":40}},"82":{"start":{"line":192,"column":8},"end":{"line":192,"column":36}},"83":{"start":{"line":195,"column":6},"end":{"line":195,"column":20}},"84":{"start":{"line":201,"column":6},"end":{"line":201,"column":60}},"85":{"start":{"line":201,"column":51},"end":{"line":201,"column":60}},"86":{"start":{"line":202,"column":6},"end":{"line":202,"column":66}},"87":{"start":{"line":202,"column":38},"end":{"line":202,"column":66}},"88":{"start":{"line":204,"column":6},"end":{"line":215,"column":7}},"89":{"start":{"line":205,"column":8},"end":{"line":205,"column":33}},"90":{"start":{"line":206,"column":13},"end":{"line":215,"column":7}},"91":{"start":{"line":207,"column":8},"end":{"line":207,"column":29}},"92":{"start":{"line":208,"column":13},"end":{"line":215,"column":7}},"93":{"start":{"line":209,"column":8},"end":{"line":209,"column":27}},"94":{"start":{"line":210,"column":13},"end":{"line":215,"column":7}},"95":{"start":{"line":211,"column":8},"end":{"line":211,"column":57}},"96":{"start":{"line":213,"column":8},"end":{"line":214,"column":30}},"97":{"start":{"line":221,"column":6},"end":{"line":221,"column":27}},"98":{"start":{"line":221,"column":17},"end":{"line":221,"column":27}},"99":{"start":{"line":223,"column":6},"end":{"line":223,"column":23}},"100":{"start":{"line":224,"column":6},"end":{"line":224,"column":53}},"101":{"start":{"line":225,"column":6},"end":{"line":266,"column":9}},"102":{"start":{"line":226,"column":8},"end":{"line":226,"column":29}},"103":{"start":{"line":227,"column":8},"end":{"line":227,"column":37}},"104":{"start":{"line":228,"column":8},"end":{"line":260,"column":11}},"105":{"start":{"line":229,"column":10},"end":{"line":229,"column":68}},"106":{"start":{"line":230,"column":10},"end":{"line":230,"column":30}},"107":{"start":{"line":231,"column":10},"end":{"line":239,"column":13}},"108":{"start":{"line":232,"column":12},"end":{"line":238,"column":13}},"109":{"start":{"line":233,"column":14},"end":{"line":235,"column":17}},"110":{"start":{"line":234,"column":16},"end":{"line":234,"column":39}},"111":{"start":{"line":236,"column":19},"end":{"line":238,"column":13}},"112":{"start":{"line":237,"column":14},"end":{"line":237,"column":45}},"113":{"start":{"line":240,"column":10},"end":{"line":240,"column":31}},"114":{"start":{"line":243,"column":10},"end":{"line":257,"column":11}},"115":{"start":{"line":244,"column":12},"end":{"line":244,"column":28}},"116":{"start":{"line":245,"column":12},"end":{"line":255,"column":15}},"117":{"start":{"line":246,"column":14},"end":{"line":254,"column":15}},"118":{"start":{"line":247,"column":16},"end":{"line":253,"column":17}},"119":{"start":{"line":248,"column":18},"end":{"line":248,"column":54}},"120":{"start":{"line":250,"column":18},"end":{"line":250,"column":51}},"121":{"start":{"line":251,"column":18},"end":{"line":251,"column":54}},"122":{"start":{"line":251,"column":31},"end":{"line":251,"column":54}},"123":{"start":{"line":252,"column":18},"end":{"line":252,"column":44}},"124":{"start":{"line":256,"column":12},"end":{"line":256,"column":33}},"125":{"start":{"line":259,"column":10},"end":{"line":259,"column":58}},"126":{"start":{"line":259,"column":36},"end":{"line":259,"column":58}},"127":{"start":{"line":262,"column":8},"end":{"line":265,"column":9}},"128":{"start":{"line":263,"column":10},"end":{"line":263,"column":28}},"129":{"start":{"line":264,"column":10},"end":{"line":264,"column":32}},"130":{"start":{"line":268,"column":6},"end":{"line":268,"column":21}},"131":{"start":{"line":272,"column":6},"end":{"line":272,"column":59}},"132":{"start":{"line":287,"column":34},"end":{"line":287,"column":52}},"133":{"start":{"line":291,"column":6},"end":{"line":291,"column":40}},"134":{"start":{"line":293,"column":6},"end":{"line":295,"column":7}},"135":{"start":{"line":294,"column":8},"end":{"line":294,"column":67}},"136":{"start":{"line":297,"column":6},"end":{"line":314,"column":9}},"137":{"start":{"line":298,"column":8},"end":{"line":313,"column":9}},"138":{"start":{"line":300,"column":12},"end":{"line":300,"column":41}},"139":{"start":{"line":302,"column":12},"end":{"line":302,"column":47}},"140":{"start":{"line":304,"column":12},"end":{"line":304,"column":42}},"141":{"start":{"line":306,"column":12},"end":{"line":306,"column":43}},"142":{"start":{"line":308,"column":12},"end":{"line":308,"column":45}},"143":{"start":{"line":310,"column":12},"end":{"line":310,"column":45}},"144":{"start":{"line":312,"column":12},"end":{"line":312,"column":67}},"145":{"start":{"line":321,"column":6},"end":{"line":321,"column":65}},"146":{"start":{"line":321,"column":32},"end":{"line":321,"column":63}},"147":{"start":{"line":322,"column":6},"end":{"line":322,"column":32}},"148":{"start":{"line":329,"column":6},"end":{"line":329,"column":65}},"149":{"start":{"line":329,"column":32},"end":{"line":329,"column":63}},"150":{"start":{"line":330,"column":6},"end":{"line":330,"column":54}},"151":{"start":{"line":334,"column":6},"end":{"line":334,"column":65}},"152":{"start":{"line":334,"column":32},"end":{"line":334,"column":63}},"153":{"start":{"line":335,"column":6},"end":{"line":335,"column":47}},"154":{"start":{"line":339,"column":6},"end":{"line":339,"column":65}},"155":{"start":{"line":339,"column":32},"end":{"line":339,"column":63}},"156":{"start":{"line":340,"column":6},"end":{"line":340,"column":28}},"157":{"start":{"line":348,"column":6},"end":{"line":359,"column":7}},"158":{"start":{"line":349,"column":8},"end":{"line":351,"column":9}},"159":{"start":{"line":350,"column":10},"end":{"line":350,"column":39}},"160":{"start":{"line":352,"column":8},"end":{"line":352,"column":30}},"161":{"start":{"line":354,"column":11},"end":{"line":359,"column":7}},"162":{"start":{"line":355,"column":8},"end":{"line":355,"column":20}},"163":{"start":{"line":358,"column":8},"end":{"line":358,"column":30}},"164":{"start":{"line":374,"column":6},"end":{"line":374,"column":48}},"165":{"start":{"line":374,"column":22},"end":{"line":374,"column":48}},"166":{"start":{"line":375,"column":6},"end":{"line":375,"column":64}},"167":{"start":{"line":437,"column":6},"end":{"line":437,"column":43}},"168":{"start":{"line":438,"column":6},"end":{"line":438,"column":23}},"169":{"start":{"line":440,"column":6},"end":{"line":442,"column":7}},"170":{"start":{"line":441,"column":8},"end":{"line":441,"column":32}},"171":{"start":{"line":444,"column":6},"end":{"line":447,"column":7}},"172":{"start":{"line":445,"column":8},"end":{"line":445,"column":37}},"173":{"start":{"line":446,"column":8},"end":{"line":446,"column":47}},"174":{"start":{"line":448,"column":6},"end":{"line":448,"column":30}},"175":{"start":{"line":452,"column":6},"end":{"line":452,"column":37}},"176":{"start":{"line":452,"column":19},"end":{"line":452,"column":37}},"177":{"start":{"line":453,"column":6},"end":{"line":453,"column":54}},"178":{"start":{"line":453,"column":33},"end":{"line":453,"column":52}},"179":{"start":{"line":454,"column":6},"end":{"line":454,"column":29}},"180":{"start":{"line":454,"column":15},"end":{"line":454,"column":29}},"181":{"start":{"line":455,"column":6},"end":{"line":455,"column":66}},"182":{"start":{"line":455,"column":38},"end":{"line":455,"column":66}},"183":{"start":{"line":456,"column":6},"end":{"line":456,"column":73}},"184":{"start":{"line":460,"column":6},"end":{"line":460,"column":41}},"185":{"start":{"line":460,"column":21},"end":{"line":460,"column":39}},"186":{"start":{"line":461,"column":6},"end":{"line":461,"column":54}},"187":{"start":{"line":461,"column":33},"end":{"line":461,"column":52}},"188":{"start":{"line":462,"column":6},"end":{"line":462,"column":60}},"189":{"start":{"line":462,"column":36},"end":{"line":462,"column":60}},"190":{"start":{"line":463,"column":6},"end":{"line":463,"column":75}},"191":{"start":{"line":467,"column":6},"end":{"line":467,"column":41}},"192":{"start":{"line":467,"column":21},"end":{"line":467,"column":39}},"193":{"start":{"line":468,"column":6},"end":{"line":468,"column":54}},"194":{"start":{"line":468,"column":33},"end":{"line":468,"column":52}},"195":{"start":{"line":469,"column":6},"end":{"line":469,"column":66}},"196":{"start":{"line":469,"column":38},"end":{"line":469,"column":66}},"197":{"start":{"line":470,"column":6},"end":{"line":470,"column":80}},"198":{"start":{"line":474,"column":6},"end":{"line":474,"column":19}},"199":{"start":{"line":475,"column":6},"end":{"line":477,"column":7}},"200":{"start":{"line":476,"column":8},"end":{"line":476,"column":72}},"201":{"start":{"line":478,"column":6},"end":{"line":478,"column":26}},"202":{"start":{"line":482,"column":6},"end":{"line":482,"column":45}},"203":{"start":{"line":493,"column":4},"end":{"line":498,"column":5}},"204":{"start":{"line":494,"column":6},"end":{"line":497,"column":7}},"205":{"start":{"line":495,"column":8},"end":{"line":495,"column":60}},"206":{"start":{"line":496,"column":8},"end":{"line":496,"column":42}},"207":{"start":{"line":496,"column":36},"end":{"line":496,"column":42}},"208":{"start":{"line":502,"column":4},"end":{"line":507,"column":5}},"209":{"start":{"line":503,"column":6},"end":{"line":506,"column":7}},"210":{"start":{"line":504,"column":8},"end":{"line":504,"column":73}},"211":{"start":{"line":505,"column":8},"end":{"line":505,"column":42}},"212":{"start":{"line":505,"column":36},"end":{"line":505,"column":42}},"213":{"start":{"line":511,"column":4},"end":{"line":513,"column":7}},"214":{"start":{"line":512,"column":6},"end":{"line":512,"column":23}},"215":{"start":{"line":514,"column":4},"end":{"line":514,"column":16}},"216":{"start":{"line":518,"column":4},"end":{"line":518,"column":54}},"217":{"start":{"line":522,"column":4},"end":{"line":522,"column":63}},"218":{"start":{"line":522,"column":49},"end":{"line":522,"column":63}},"219":{"start":{"line":523,"column":4},"end":{"line":523,"column":18}},"220":{"start":{"line":525,"column":4},"end":{"line":527,"column":5}},"221":{"start":{"line":526,"column":6},"end":{"line":526,"column":30}},"222":{"start":{"line":528,"column":4},"end":{"line":528,"column":16}},"223":{"start":{"line":532,"column":4},"end":{"line":536,"column":5}},"224":{"start":{"line":533,"column":6},"end":{"line":535,"column":7}},"225":{"start":{"line":534,"column":8},"end":{"line":534,"column":21}},"226":{"start":{"line":537,"column":4},"end":{"line":537,"column":16}},"227":{"start":{"line":542,"column":4},"end":{"line":542,"column":67}},"228":{"start":{"line":542,"column":36},"end":{"line":542,"
[...]
tant */","  abort: {},","","  each: function each(object, iterFunction) {","    for (var key in object) {","      if (object.hasOwnProperty(key)) {","        var ret = iterFunction.call(this, key, object[key]);","        if (ret === ALY.util.abort) break;","      }","    }","  },","","  arrayEach: function arrayEach(array, iterFunction) {","    for (var idx in array) {","      if (array.hasOwnProperty(idx)) {","        var ret = iterFunction.call(this, array[idx], parseInt(idx, 10));","        if (ret === ALY.util.abort) break;","      }","    }","  },","","  update: function update(obj1, obj2) {","    ALY.util.each(obj2, function iterator(key, item) {","      obj1[key] = item;","    });","    return obj1;","  },","","  merge: function merge(obj1, obj2) {","    return ALY.util.update(ALY.util.copy(obj1), obj2);","  },","","  copy: function copy(object) {","    if (object === null || object === undefined) return object;","    var dupe = {};","    /*jshint forin:false */","    for (var key in object) {","      dupe[key] = object[key];","    }","    return dupe;","  },","","  isEmpty: function isEmpty(obj) {","    for (var prop in obj) {","      if (obj.hasOwnProperty(prop)) {","        return false;","      }","    }","    return true;","  },","","  isType: function isType(obj, type) {","    // handle cross-\"frame\" objects","    if (typeof type === 'function') type = ALY.util.typeName(type);","    return Object.prototype.toString.call(obj) === '[object ' + type + ']';","  },","","  typeName: function typeName(type) {","    if (type.hasOwnProperty('name')) return type.name;","    var str = type.toString();","    var match = str.match(/^\\s*function (.+)\\(/);","    return match ? match[1] : str;","  },","","  error: function error(err, options) {","    var originalError = null;","    if (typeof err.message === 'string' && err.message !== '') {","      if (typeof options === 'string' || (options && options.message)) {","        originalError = ALY.util.copy(err);","        originalError.message = err.message;","      }","    }","    err.message = err.message || null;","","    if (typeof options === 'string') {","      err.message = options;","    } else {","      ALY.util.update(err, options);","    }","","    if (typeof Object.defineProperty === 'function') {","      Object.defineProperty(err, 'name', {writable: true, enumerable: false});","      Object.defineProperty(err, 'message', {enumerable: true});","    }","","    err.name = err.name || err.code || 'Error';","    err.time = new Date();","","    if (originalError) err.originalError = originalError;","","    return err;","  },","","  /**","   * @api private","   */","  inherit: function inherit(klass, features) {","    var newObject = null;","    if (features === undefined) {","      features = klass;","      klass = Object;","      newObject = {};","    } else {","      /*jshint newcap:false */","      /*jshint camelcase:false */","      var ctor = function __ctor_wrapper__() {};","      ctor.prototype = klass.prototype;","      newObject = new ctor();","    }","","    // constructor not supplied, create pass-through ctor","    if (features.constructor === Object) {","      features.constructor = function() {","        if (klass !== Object) {","          return klass.apply(this, arguments);","        }","      };","    }","","    features.constructor.prototype = newObject;","    ALY.util.update(features.constructor.prototype, features);","    features.constructor.__super__ = klass;","    return features.constructor;","  },","","  /**","   * @api private","   */","  mixin: function mixin() {","    var klass = arguments[0];","    for (var i = 1; i < arguments.length; i++) {","      /*jshint forin:false*/","      for (var prop in arguments[i].prototype) {","        var fn = arguments[i].prototype[prop];","        if (prop != 'constructor') {","          klass.prototype[prop] = fn;","        }","      }","    }","    return klass;","  },","","  /**","   * @api private","   */","  hideProperties: function hideProperties(obj, props) {","    if (typeof Object.defineProperty !== 'function') return;","","    ALY.util.arrayEach(props, function (key) {","      Object.defineProperty(obj, key, {","        enumerable: false, writable: true, configurable: true });","    });","  }","};","","module.exports = ALY.util;",""],"l":{"3":2,"5":2,"6":0,"9":0,"26":0,"28":0,"29":0,"31":0,"37":0,"40":0,"41":0,"43":0,"48":0,"54":0,"55":0,"56":0,"57":0,"58":0,"59":0,"60":0,"61":0,"62":0,"64":0,"65":0,"67":0,"68":0,"69":0,"71":0,"74":0,"78":0,"79":0,"85":0,"90":0,"100":0,"101":0,"104":0,"105":0,"108":0,"112":0,"113":0,"114":0,"116":0,"120":0,"124":0,"128":0,"129":0,"130":0,"132":0,"133":0,"134":0,"135":0,"137":0,"141":0,"142":0,"143":0,"145":0,"146":0,"147":0,"148":0,"149":0,"150":0,"151":0,"152":0,"153":0,"154":0,"156":0,"159":0,"163":0,"164":0,"170":0,"174":0,"186":0,"190":0,"191":0,"194":0,"196":0,"197":0,"198":0,"201":0,"207":0,"208":0,"210":0,"211":0,"212":0,"213":0,"214":0,"215":0,"216":0,"217":0,"219":0,"227":0,"229":0,"230":0,"231":0,"232":0,"233":0,"234":0,"235":0,"236":0,"237":0,"238":0,"239":0,"240":0,"242":0,"243":0,"246":0,"249":0,"250":0,"251":0,"252":0,"253":0,"254":0,"256":0,"257":0,"258":0,"262":0,"265":0,"268":0,"269":0,"270":0,"274":0,"278":0,"293":0,"297":0,"299":1,"300":0,"303":0,"304":0,"306":0,"308":0,"310":0,"312":0,"314":0,"316":0,"318":0,"327":0,"328":0,"335":0,"336":0,"340":0,"341":0,"345":0,"346":0,"354":0,"355":0,"356":0,"358":0,"360":0,"361":0,"364":0,"380":0,"381":0,"443":0,"444":0,"446":0,"447":0,"450":0,"451":0,"452":0,"454":0,"458":0,"460":0,"461":0,"463":0,"466":0,"468":0,"471":0,"474":0,"475":0,"478":0,"480":0,"481":0,"483":0,"484":0,"486":0,"487":0,"489":0,"492":0,"494":0,"496":0,"498":0,"500":0,"502":0,"504":0,"510":0,"512":0,"514":0,"515":0,"517":0,"520":0,"521":0,"523":0,"525":0,"527":0,"529":0,"533":0,"535":0,"537":0,"539":0,"541":0,"552":0,"556":0,"557":0,"558":0,"560":0,"571":0,"572":0,"573":0,"574":0,"580":0,"581":0,"582":0,"583":0,"589":0,"590":0,"592":0,"596":0,"600":0,"601":0,"603":0,"604":0,"606":0,"610":0,"611":0,"612":0,"615":0,"620":0,"621":0,"625":0,"626":0,"627":0,"628":0,"632":0,"633":0,"634":0,"635":0,"636":0,"639":0,"641":0,"642":0,"644":0,"647":0,"648":0,"649":0,"652":0,"653":0,"655":0,"657":0,"664":0,"665":0,"666":0,"667":0,"668":0,"672":0,"673":0,"674":0,"678":0,"679":0,"680":0,"681":0,"686":0,"687":0,"688":0,"689":0,"696":0,"697":0,"699":0,"700":0,"701":0,"702":0,"706":0,"713":0,"715":0,"716":0,"722":0}},"/home/travis/build/npmtest/node-npmtest-aliyun-sdk/node_modules/aliyun-sdk/lib/http/xhr.js":{"path":"/home/travis/build/npmtest/node-npmtest-aliyun-sdk/node_modules/aliyun-sdk/lib/http/xhr.js","s":{"1":1,"2":1,"3":1,"4":1,"5":0,"6":0,"7":0,"8":0,"9":0,"10":0,"11":0,"12":0,"13":0,"14":0,"15":0,"16":0,"17":0,"18":0,"19":0,"20":0,"21":0,"22":0,"23":0,"24":0,"25":0,"26":0,"27":0,"28":0,"29":0,"30":0,"31":0,"32":0,"33":0,"34":0,"35":0,"36":0,"37":0,"38":0,"39":0,"40":0,"41":0,"42":0,"43":0,"44":0,"45":0,"46":0,"47":0,"48":0,"49":0,"50":0,"51":0,"52":0,"53":0,"54":0,"55":0,"56":0,"57":0,"58":0,"59":0,"60":0,"61":0,"62":0,"63":0,"64":0,"65":0,"66":1,"67":1},"b":{"1":[0,0],"2":[0,0],"3":[0,0],"4":[0,0],"5":[0,0],"6":[0,0],"7":[0,0],"8":[0,0,0,0],"9":[0,0],"10":[0,0],"11":[0,0],"12":[0,0],"13":[0,0],"14":[0,0],"15":[0,0],"16":[0,0]},"f":{"1":0,"2":0,"3":0,"4":0,"5":0,"6":0,"7":0,"8":0,"9":0,"10":0},"fnMap":{"1":{"name":"handleRequest","line":9,"loc":{"start":{"line":9,"column":17},"end":{"line":9,"column":89}}},"2":{"name":"(anonymous_2)","line":26,"loc":{"start":{"line":26,"column":45},"end":{"line":26,"column":56}}},"3":{"name":"(anonymous_3)","line":41,"loc":{"start":{"line":41,"column":44},"end":{"line":41,"column":59}}},"4":{"name":"(anonymous_4)","line":44,"loc":{"start":{"line":44,"column":37},"end":{"line":44,"column":52}}},"5":{"name":"(anonymous_5)","line":47,"loc":{"start":{"line":47,"column":36},"end":{"line":47,"column":48}}},"6":{"name":"(anonymous_6)","line":50,"loc":{"start":{"line":50,"column":34},"end":{"line":50,"column":46}}},"7":{"name":"(anonymous_7)","line":58,"loc":{"start":{"line":58,"column":39},"end":{"line":58,"column":61}}},"8":{"name":"parseHeaders","line":73,"loc":{"start":{"line":73,"column":16},"end":{"line":73,"column":50}}},"9":{"name":"(anonymous_9)","line":75,"loc":{"start":{"line":75,"column":50},"end":{"line":75,"column":66}}},"10":{"name":"finishRequest","line":83,"loc":{"start":{"line":83,"column":17},"end":{"line":83,"column":54}}}},"statementMap":{"1":{"start":{"line":1,"column":0},"end":{"line":1,"column":29}},"2":{"start":{"line":2,"column":0},"end":{"line":2,"column":50}},"3":{"start":{"line":3,"column":0},"end":{"line":3,"column":19}},"4":{"start":{"line":8,"column":0},"end":{"line":103,"column":3}},"5":{"start":{"line":10,"column":4},"end":{"line":10,"column":20}},"6":{"start":{"line":11,"column":4},"end":{"line":11,"column":40}},"7":{"start":{"line":12,"column":4},"end":{"line":12,"column":37}},"8":{"start":{"line":13,"column":4},"end":{"line":13,"column":60}},"9":{"start":{"line":14,"column":4},"end":{"line":16,"column":5}},"10":{"start":{"line":15,"column":6},"end":{"line":15,"column":34}},"11":{"start":{"line":17,"column":4},"end":{"line":17,"column":29}},"12":{"start":{"line":19,"column":4},"end":{"line":19,"column":35}},"13":{"start":{"line":20,"column":4},"end":{"line":20,"column":29}},"14":{"start":{"line":22,"column":4},"end":{"line":24,"column":5}},"15":{"start":{"line":23,"column":6},"end":{"line":23,"column":40}},"16":{"start":{"line":26,"column":4},"end":{"line":40,"column":14}},"17":{"start":{"line":27,"column":6},"end":{"line":30,"column":27}},"18":{"start":{"line":28,"column":8},"end":{"line":28,"column":37}},"19":{"start":{"line":28,"column":30},"end":{"line":28,"column":37}},"20":{"start":{"line":30,"column":18},"end":{"line":30,"column":25}},"21":{"start":{"line":32,"column":6},"end":{"line":39,"column":7}},"22":{"start":{"line":33,"column":8},"end":{"line":33,"column":62}},"23":{"start":{"line":33,"column":14},"end":{"line":33,"column":47}},"24":{"start":{"line":34,"column":8},"end":{"line":34,"column":40}},"25":{"start":{"line":35,"column":8},"end":{"line":35,"column":73}},"26":{"start":{"line":36,"column":8},"end":{"line":36,"column":69}},"27":{"start":{"line":37,"column":13},"end":{"line":39,"column":7}},"28":{"start":{"line":38,"column":8},"end":{"line":38,"column":41}},"29":{"start":{"line":41,"column":4},"end":{"line":43,"column":7}},"30":{"start":{"line":42,"column":6},"end":{"line":42,"column":40}},"31":{"start":{"line":44,"column":4},"end":{"line":46,"column":14}},"32":{"start":{"line":45,"column":6},"end":{"line":45,"column":43}},"33":{"start":{"line":47,"column":4},"end":{"line":49,"column":14}},"34":{"start":{"line":48,"column":6},"end":{"line":48,"column":80}},"35":{"start":{"line":50,"column":4},"end":{"line":54,"column":14}},"36":{"start":{"line":51,"column":6},"end":{"line":53,"column":10}},"37":{"start":{"line":56,"column":4},"end":{"line":56,"column":22}},"38":{"start":{"line":57,"column":4},"end":{"line":57,"column":45}},"39":{"start":{"line":58,"column":4},"end":{"line":62,"column":7}},"40":{"start":{"line":59,"column":6},"end":{"line":61,"column":7}},"41":{"start":{"line":60,"column":8},"end":{"line":60,"column":41}},"42":{"start":{"line":64,"column":4},"end":{"line":68,"column":5}},"43":{"start":{"line":65,"column":6},"end":{"line":65,"column":40}},"44":{"start":{"line":67,"column":6},"end":{"line":67,"column":33}},"45":{"start":{"line":70,"column":4},"end":{"line":70,"column":19}},"46":{"start":{"line":74,"column":4},"end":{"line":74,"column":21}},"47":{"start":{"line":75,"column":4},"end":{"line":79,"column":7}},"48":{"start":{"line":76,"column":6},"end":{"line":76,"column":38}},"49":{"start":{"line":77,"column":6},"end":{"line":77,"column":49}},"50":{"start":{"line":78,"column":6},"end":{"line":78,"column":47}},"51":{"start":{"line":78,"column":26},"end":{"line":78,"column":47}},"52":{"start":{"line":80,"column":4},"end":{"line":80,"column":19}},"53":{"start":{"line":84,"column":4},"end":{"line":84,"column":15}},"54":{"start":{"line":85,"column":4},"end":{"line":92,"column":5}},"55":{"start":{"line":86,"column":6},"end":{"line":86,"column":28}},"56":{"start":{"line":87,"column":6},"end":{"line":87,"column":50}},"57":{"start":{"line":88,"column":6},"end":{"line":88,"column":36}},"58":{"start":{"line":89,"column":6},"end":{"line":91,"column":7}},"59":{"start":{"line":90,"column":8},"end":{"line":90,"column":28}},"60":{"start":{"line":94,"column":4},"end":{"line":98,"column":18}},"61":{"start":{"line":95,"column":6},"end":{"line":97,"column":7}},"62":{"start":{"line":96,"column":8},"end":{"line":96,"column":55}},"63":{"start":{"line":100,"column":4},"end":{"line":100,"column":45}},"64":{"start":{"line":100,"column":16},"end":{"line":100,"column":45}},"65":{"start":{"line":101,"column":4},"end":{"line":101,"column":24}},"66":{"start":{"line":108,"column":0},"end":{"line":108,"column":51}},"67":{"start":{"line":113,"column":0},"end":{"line":113,"column":37}}},"branchMap":{"1":{"line":14,"type":"if","locations":[{"start":{"line":14,"column":4},"end":{"line":14,"column":4}},{"start":{"line":14,"column":4},"end":{"line":14,"column":4}}]},"2":{"line":14,"type":"binary-expr","locations":[{"start":{"line":14,"column":8},"end":{"line":14,"column":27}},{"start":{"line":14,"column":31},"end":{"line":14,"column":51}}]},"3":{"line":22,"type":"if","locations":[{"start":{"line":22,"column":4},"end":{"line":22,"column":4}},{"start":{"line":22,"column":4},"end":{"line":22,"column":4}}]},"4":{"line":28,"type":"if","locations":[{"start":{"line":28,"column":8},"end":{"line":28,"column":8}},{"start":{"line":28,"column":8},"end":{"line":28,"column":8}}]},"5":{"line":32,"type":"if","locations":[{"start":{"line":32,"column":6},"end":{"line":32,"column":6}},{"start":{"line":32,"column":6},"end":{"line":32,"column":6}}]},"6":{"line":37,"type":"if","locations":[{"start":{"line":37,"column":13},"end":{"line":37,"column":13}},{"start":{"line":37,"column":13},"end":{"line":37,"column":13}}]},"7":{"line":59,"type":"if","locations":[{"start":{"line":59,"column":6},"end":{"line":59,"column":6}},{"start":{"line":59,"column":6},"end":{"line":59,"column":6}}]},"8":{"line":59,"type":"binary-expr","locations":[{"start":{"line":59,"column":10},"end":{"line":59,"column":34}},{"start":{"line":59,"column":38},"end":{"line":59,"column":58}},{"start":{"line":59,"column":62},"end":{"line":59,"column":76}},{"start":{"line":59,"column":80},"end":{"line":59,"column":94}}]},"9":{"line":64,"type":"if","locations":[{"start":{"line":64,"column":4},"end":{"line":64,"column":4}},{"start":{"line":64,"column":4},"end":{"line":64,"column":4}}]},"10":{"line":64,"type":"binary-expr","locations":[{"start":{"line":64,"column":8},"end":{"line":64,"column":24}},{"start":{"line":64,"column":28},"end":{"line":64,"column":71}}]},"11":{"line":78,"type":"if","locations":[{"start":{"line":78,"column":6},"end":{"line":78,"column":6}},{"start":{"line":78,"column":6},"end":{"line":78,"column":6}}]},"12":{"line":85,"type":"if","locations":[{"start":{"line":85,"column":4},"end":{"line":85,"column":4}},{"start":{"line":85,"column":4},"end":{"line":85,"column":4}}]},"13":{"line":85,"type":"binary-expr","locations":[{"start":{"line":85,"column":8},"end":{"line":85,"column":42}},{"start":{"line":85,"column":46},"end":{"line":85,"column":58}}]},"14":{"line":95,"type":"if","locations":[{"start":{"line":95,"column":6},"end":{"line":95,"column":6}},{"start":{"line":95,"column":6},"end":{"line":95,"column":6}}]},"15":{"line":95,"type":"binary-expr","locations":[{"start":{"line":95,"column":10},"end":{"line":95,"column":17}},{"start":{"line":95,"column":21},"end":{"line":95,"column":57}}]},"16":{"line":100,"type":"if","locations":[{"start":{"line":100,"column":4},"end":{"line":100,"column":4}},{"start":{"line":100,"column":4},"end":{"line":100,"column":4}}]}},"code":["var ALY = require('../core');","var EventEmitter = require('events').EventEmitter;","require('../http');","","/**"," * @api private"," */","ALY.XHRClient = ALY.util.inherit({","  handleRequest: function handleRequest(httpRequest, httpOptions, callback, errCallback) {","    var self = this;","    var endpoint = httpRequest.endpoint;","    var emitter = new EventEmitter();","    var href = endpoint.protocol + '//' + endpoint.hostname;","    if (endpoint.port != 80 && endpoint.port != 443) {","      href += ':' + endpoint.port;","    }","    href += httpRequest.path;","","    var xhr = new XMLHttpRequest();","    httpRequest.stream = xhr;","","    if (httpOptions.timeout) {","      xhr.timeout = httpOptions.timeout;","    }","","    xhr.addEventListener('readystatechange', function() {","      try {","        if (xhr.status === 0) return; // 0 code is invalid","      }","      catch (e) { return; }","","      if (this.readyState === this.HEADERS_RECEIVED) {","        try { xhr.responseType = 'arraybuffer'; } catch (e) {}","        emitter.statusCode = xhr.status;","        emitter.headers = self.parseHeaders(xhr.getAllResponseHeaders());","        emitter.emit('headers', emitter.statusCode, emitter.headers);","      } else if (this.readyState === this.DONE) {","        self.finishRequest(xhr, emitter);","      }","    }, false);","    xhr.upload.addEventListener('progress', function (evt) {","      emitter.emit('sendProgress', evt);","    });","    xhr.addEventListener('progress', function (evt) {","      emitter.emit('receiveProgress', evt);","    }, false);","    xhr.addEventListener('timeout', function () {","      errCallback(ALY.util.error(new Error('Timeout'), {code: 'TimeoutError'}));","    }, false);","    xhr.addEventListener('error', function () {","      errCallback(ALY.util.error(new Error('Network Failure'), {","        code: 'NetworkingError'","      }));","    }, false);","","    callback(emitter);","    xhr.open(httpRequest.method, href, true);","    ALY.util.each(httpRequest.headers, function (key, value) {","      if (key !== 'Content-Length' && key !== 'User-Agent' && key !== 'Host' && key !== 'Date') {","        xhr.setRequestHeader(key, value);","      }","    });","","    if (httpRequest.body && typeof httpRequest.body.buffer === 'object') {","      xhr.send(httpRequest.body.buffer); // typed arrays sent as ArrayBuffer","    } else {","      xhr.send(httpRequest.body);","    }","","    return emitter;","  },","","  parseHeaders: function parseHeaders(rawHeaders) {","    var headers = {};","    ALY.util.arrayEach(rawHeaders.split(/\\r?\\n/), function (line) {","      var key = line.split(':', 1)[0];","      var value = line.substring(key.length + 2);","      if (key.length > 0) headers[key] = value;","    });","    return headers;","  },","","  finishRequest: function finishRequest(xhr, emitter) {","    var buffer;","    if (xhr.responseType === 'arraybuffer' && xhr.response) {","      var ab = xhr.response;","      buffer = new ALY.util.Buffer(ab.byteLength);","      var view = new Uint8Array(ab);","      for (var i = 0; i < buffer.length; ++i) {","        buffer[i] = view[i];","      }","    }","","    try {","      if (!buffer && typeof xhr.responseText === 'string') {","        buffer = new ALY.util.Buffer(xhr.responseText);","      }","    } catch (e) {}","","    if (buffer) emitter.emit('data', buffer);","    emitter.emit('end');","  }","});","","/**"," * @api private"," */","ALY.HttpClient.prototype = ALY.XHRClient.prototype;","","/**"," * @api private"," */","ALY.HttpClient.streamsApiVersion = 1;",""],"l":{"1":1,"2":1,"3":1,"8":1,"10":0,"11":0,"12":0,"13":0,"14":0,"15":0,"17":0,"19":0,"20":0,"22":0,"23":0,"26":0,"27":0,"28":0,"30":0,"32":0,"33":0,"34":0,"35":0,"36":0,"37":0,"38":0,"41":0,"42":0,"44":0,"45":0,"47":0,"48":0,"50":0,"51":0,"56":0,"57":0,"58":0,"59":0,"60":0,"64":0,"65":0,"67":0,"70":0,"74":0,"75":0,"76":0,"77":0,"78":0,"80":0,"84":0,"85":0,"86":0,"87":0,"88":0,"89":0,"90":0,"94":0,"95":0,"96":0,"100":0,"101":0,"108":1,"113":1}}}